# Server version 0.08 running on 192.168.2.246:8123
# Game ID: 151
# Board class: Saboteur.SaboteurBoard
# Timeout: 20000
# First Move Timeout: 30000
# Date: Wed Apr 15 23:47:27 EDT 2020
# Player 1: Player-0, '260746982', running on 192.168.2.246
# Player 2: Player-1, '260746982', running on 192.168.2.246
START Player-0 260746982
START Player-1 260746982
BoardInit:Tile:7,Tile:8,Destroy,Tile:6,Tile:2,Tile:10,Map,Bonus,Tile:8,Tile:9,Destroy,Tile:8,Tile:9,Tile:5,Map,Tile:5,Tile:10,Tile:13,Map,Malus,Tile:11,Tile:7,Tile:6,Tile:7,Tile:14,Map,Tile:8,Tile:9,Map,Bonus,Tile:5,Tile:12,Tile:4,Bonus,Tile:0,Tile:7,Tile:0,Tile:6,Tile:0,Tile:15,Tile:10-Tile:7,Tile:9,Tile:6,Destroy,Tile:9,Map,Tile:1-Tile:3,Tile:5,Tile:8,Tile:0,Tile:6,Bonus,Malus-Tile:hidden2,Tile:nugget,Tile:hidden1
Tile:6 6 5 1
Tile:8 7 5 0
Tile:7 8 5 1
Tile:6 8 6 0
Tile:9_flip 9 6 1
Tile:5 9 5 0
Tile:9_flip 10 5 1
Tile:8 10 4 0
Map 12 3 1
Malus 0 0 0
Map 12 7 1
Tile:0 11 4 0
Destroy 11 4 1
Tile:6 11 4 0
Destroy 11 4 1
Tile:8 11 4 0
Destroy 11 4 1
Tile:9_flip 11 4 0
Drop 5 0 1
Tile:5 11 3 0
Drop 6 0 1
Tile:10 12 4 0
GAMEOVER WINNER 0
# Game ended: Wed Apr 15 23:47:28 EDT 2020
