# Server version 0.08 running on 192.168.2.246:8123
# Game ID: 133
# Board class: Saboteur.SaboteurBoard
# Timeout: 20000
# First Move Timeout: 30000
# Date: Wed Apr 15 23:31:54 EDT 2020
# Player 1: Player-0, '260746982', running on 192.168.2.246
# Player 2: Player-1, 'Human', running on 192.168.2.246
START Player-0 260746982
START Player-1 Human
BoardInit:Tile:0,Map,Tile:5,Tile:5,Tile:8,Tile:0,Tile:9,Tile:15,Tile:1,Malus,Tile:6,Tile:7,Malus,Tile:6,Tile:6,Destroy,Tile:7,Tile:4,Tile:7,Tile:8,Tile:9,Tile:6,Destroy,Map,Tile:8,Tile:14,Tile:9,Tile:2,Tile:6,Tile:0,Map,Tile:13,Tile:7,Bonus,Bonus,Map,Tile:8,Bonus,Map,Tile:10,Tile:5-Tile:10,Tile:9,Tile:8,Tile:5,Tile:11,Bonus,Tile:12-Tile:0,Tile:10,Destroy,Tile:7,Tile:9,Map,Tile:3-Tile:hidden1,Tile:nugget,Tile:hidden2
Tile:8 6 5 1
Tile:0 7 5 0
Tile:0 8 5 1
Tile:7 9 5 0
Tile:9 9 6 1
Tile:9_flip 10 6 0
Tile:8 9 7 1
Map 12 3 0
Tile:10 10 5 1
Map 12 7 0
Tile:5 10 4 1
Malus 0 0 0
Bonus 0 0 1
Drop 2 0 0
Malus 0 0 1
Drop 4 0 0
Tile:6 11 4 1
Destroy 11 4 0
Tile:6 11 4 1
Destroy 11 4 0
Tile:7 11 4 1
Drop 5 0 0
Tile:9 11 5 1
GAMEOVER WINNER 1
# Game ended: Wed Apr 15 23:32:34 EDT 2020
