# Server version 0.08 running on 192.168.2.246:8123
# Game ID: 75
# Board class: Saboteur.SaboteurBoard
# Timeout: 20000
# First Move Timeout: 30000
# Date: Mon Apr 13 20:24:21 EDT 2020
# Player 1: Player-0, 'RandomPlayer', running on 127.0.0.1
# Player 2: Player-1, '260746982', running on 127.0.0.1
START Player-0 RandomPlayer
START Player-1 260746982
BoardInit:Bonus,Tile:8,Map,Malus,Tile:10,Tile:5,Bonus,Tile:8,Tile:13,Tile:2,Map,Tile:7,Map,Tile:15,Map,Tile:6,Malus,Tile:7,Tile:7,Tile:0,Tile:0,Tile:9,Bonus,Tile:10,Tile:9,Tile:11,Map,Tile:3,Tile:8,Bonus,Tile:9,Tile:12,Tile:0,Tile:0,Tile:8,Tile:7,Tile:5,Tile:1,Tile:4,Tile:6,Tile:6-Tile:14,Destroy,Destroy,Tile:10,Tile:9,Map,Tile:9-Tile:6,Tile:5,Tile:7,Tile:8,Destroy,Tile:5,Tile:6-Tile:hidden2,Tile:nugget,Tile:hidden1
Tile:9_flip 6 5 1
Tile:8 6 6 0
Tile:9_flip 7 6 1
Tile:7_flip 4 5 0
Tile:14_flip 7 5 1
Tile:6 5 6 0
Map 12 3 1
Destroy 6 6 0
Map 12 7 1
Tile:8 6 6 0
Drop 6 0 1
Tile:5_flip 8 5 0
Drop 6 0 1
Tile:2_flip 6 7 0
Drop 6 0 1
Tile:5_flip 7 7 0
Drop 6 0 1
Tile:6_flip 4 6 0
Malus 0 0 1
Drop 3 0 0
Drop 0 0 1
Drop 2 0 0
Drop 0 0 1
Drop 3 0 0
Drop 0 0 1
Drop 5 0 0
Drop 1 0 1
Drop 0 0 0
Drop 6 0 1
Drop 5 0 0
Drop 2 0 1
Drop 1 0 0
Drop 2 0 1
Drop 4 0 0
Drop 3 0 1
Drop 0 0 0
Drop 3 0 1
Drop 4 0 0
Drop 3 0 1
Drop 0 0 0
Drop 6 0 1
Drop 4 0 0
Drop 3 0 1
Bonus 0 0 0
Drop 3 0 1
Drop 3 0 0
Drop 3 0 1
Drop 2 0 0
Drop 3 0 1
Tile:6 4 7 0
Drop 0 0 1
Tile:0 5 7 0
Drop 0 0 1
Tile:10 4 4 0
Drop 0 0 1
GAMEOVER DRAW
# Game ended: Mon Apr 13 20:24:21 EDT 2020
