# Server version 0.08 running on 192.168.2.246:8123
# Game ID: 119
# Board class: Saboteur.SaboteurBoard
# Timeout: 20000
# First Move Timeout: 30000
# Date: Mon Apr 13 20:46:20 EDT 2020
# Player 1: Player-0, '260746982', running on 192.168.2.246
# Player 2: Player-1, 'Human', running on 192.168.2.246
START Player-0 260746982
START Player-1 Human
BoardInit:Malus,Tile:5,Tile:4,Tile:0,Map,Tile:5,Map,Map,Tile:8,Tile:8,Tile:2,Tile:7,Tile:8,Tile:6,Destroy,Tile:7,Map,Tile:5,Tile:15,Tile:12,Tile:11,Tile:7,Tile:3,Bonus,Tile:9,Tile:8,Tile:6,Tile:10,Tile:10,Tile:9,Tile:0,Tile:13,Map,Tile:8,Tile:9,Tile:6,Tile:1,Tile:10,Tile:5,Tile:7,Malus-Bonus,Tile:7,Tile:0,Tile:9,Bonus,Map,Tile:6-Bonus,Tile:14,Tile:9,Destroy,Tile:6,Tile:0,Destroy-Tile:nugget,Tile:hidden2,Tile:hidden1
Tile:6 6 5 1
Tile:6 7 5 0
Tile:9 7 4 1
Tile:0 8 5 0
Tile:0 9 5 1
Drop 1 0 0
Tile:7 10 5 1
Tile:9 10 6 0
Malus 0 0 1
Bonus 0 0 0
Tile:8 7 3 1
Map 12 3 0
Map 12 7 1
Drop 0 0 0
Map 12 5 1
Drop 0 0 0
Map 12 3 1
Drop 0 0 0
Tile:8 11 6 1
Tile:5 11 5 0
Drop 6 0 1
Tile:8 12 4 0
GAMEOVER WINNER 0
# Game ended: Mon Apr 13 20:47:03 EDT 2020
