# Server version 0.08 running on 192.168.2.246:8123
# Game ID: 113
# Board class: Saboteur.SaboteurBoard
# Timeout: 20000
# First Move Timeout: 30000
# Date: Mon Apr 13 20:28:24 EDT 2020
# Player 1: Player-0, 'RandomPlayer', running on 127.0.0.1
# Player 2: Player-1, '260746982', running on 127.0.0.1
START Player-0 RandomPlayer
START Player-1 260746982
BoardInit:Tile:14,Map,Tile:9,Tile:3,Tile:9,Tile:8,Tile:5,Bonus,Destroy,Tile:6,Tile:8,Tile:0,Destroy,Tile:9,Tile:0,Map,Malus,Tile:8,Tile:13,Tile:0,Destroy,Tile:7,Tile:9,Tile:2,Bonus,Tile:11,Tile:6,Tile:10,Bonus,Tile:10,Tile:0,Tile:7,Tile:4,Tile:7,Map,Tile:7,Tile:8,Tile:8,Tile:5,Map,Tile:12-Tile:5,Tile:1,Tile:9,Map,Tile:6,Tile:7,Tile:6-Map,Bonus,Tile:5,Malus,Tile:15,Tile:10,Tile:6-Tile:hidden2,Tile:hidden1,Tile:nugget
Tile:6 6 5 1
Map 12 5 0
Tile:6 7 5 1
Tile:15 6 4 0
Tile:9_flip 8 5 1
Tile:6_flip 6 3 0
Tile:5 8 4 1
Drop 4 0 0
Tile:7 9 4 1
Tile:10 7 4 0
Tile:9 9 5 1
Tile:3_flip 5 3 0
Tile:8 10 5 1
Tile:6 5 6 0
Tile:9_flip 11 5 1
Tile:8 4 5 0
Destroy 7 4 1
Tile:9_flip 11 4 0
Tile:5 11 3 1
Tile:5 12 2 0
Malus 0 0 1
Drop 1 0 0
Destroy 6 3 1
Bonus 0 0 0
Tile:9 12 4 1
Drop 4 0 0
Tile:1 3 5 1
Tile:11 10 6 0
Tile:6_flip 6 3 1
Tile:2 6 6 0
Destroy 7 5 1
Tile:7 13 5 0
Drop 6 0 1
Tile:8 11 6 0
Tile:13 10 7 1
Tile:10 9 6 0
Drop 4 0 1
Tile:7_flip 10 8 0
Tile:14 13 4 1
Tile:10 8 6 0
Map 12 7 1
Tile:7_flip 9 7 0
Tile:5_flip 12 6 1
Tile:0 7 3 0
GAMEOVER TIMEOUT WINNER 0
# Game ended: Mon Apr 13 20:28:46 EDT 2020
