# Server version 0.08 running on 192.168.2.246:8123
# Game ID: 13
# Board class: Saboteur.SaboteurBoard
# Timeout: 20000
# First Move Timeout: 30000
# Date: Mon Apr 13 13:43:27 EDT 2020
# Player 1: Player-0, '260746982', running on 192.168.2.246
# Player 2: Player-1, 'Human', running on 192.168.2.246
START Player-0 260746982
START Player-1 Human
BoardInit:Tile:5,Tile:9,Tile:6,Tile:0,Bonus,Tile:14,Tile:12,Map,Tile:13,Tile:2,Bonus,Tile:10,Tile:8,Tile:8,Tile:5,Tile:0,Tile:5,Tile:9,Tile:15,Tile:7,Tile:4,Malus,Tile:5,Map,Map,Tile:7,Tile:9,Bonus,Destroy,Tile:8,Tile:8,Tile:1,Tile:11,Tile:7,Map,Tile:8,Tile:6,Malus,Tile:9,Tile:9,Bonus-Destroy,Tile:7,Tile:10,Tile:6,Destroy,Tile:6,Tile:6-Tile:3,Tile:0,Map,Tile:7,Tile:10,Map,Tile:0-Tile:hidden2,Tile:hidden1,Tile:nugget
Tile:6 6 5 1
Tile:7 5 4 0
Tile:5 6 4 1
Map 12 3 0
Tile:6 7 4 1
Drop 1 0 0
Tile:6 8 4 1
Drop 6 0 0
Tile:7 9 4 1
Tile:9 4 4 0
Tile:6 9 5 1
Tile:0 10 5 0
Tile:13 8 3 1
Tile:0 9 3 0
Tile:8 11 5 1
Tile:2 8 2 0
