# Server version 0.08 running on 192.168.2.246:8123
# Game ID: 105
# Board class: Saboteur.SaboteurBoard
# Timeout: 20000
# First Move Timeout: 30000
# Date: Mon Apr 13 20:25:03 EDT 2020
# Player 1: Player-0, 'RandomPlayer', running on 127.0.0.1
# Player 2: Player-1, '260746982', running on 127.0.0.1
START Player-0 RandomPlayer
START Player-1 260746982
BoardInit:Tile:0,Tile:0,Bonus,Tile:7,Tile:7,Tile:5,Tile:6,Tile:8,Tile:3,Tile:8,Tile:4,Tile:10,Map,Tile:11,Malus,Tile:9,Destroy,Tile:13,Tile:6,Tile:5,Tile:0,Tile:7,Tile:8,Bonus,Tile:10,Bonus,Tile:6,Tile:8,Map,Tile:9,Destroy,Tile:1,Tile:8,Tile:14,Tile:9,Tile:9,Map,Tile:2,Tile:10,Tile:7,Map-Tile:0,Map,Tile:9,Tile:12,Tile:5,Malus,Map-Destroy,Tile:6,Tile:15,Tile:5,Bonus,Tile:7,Tile:6-Tile:hidden2,Tile:nugget,Tile:hidden1
Tile:0 6 5 1
Tile:5 4 5 0
Tile:0 7 5 1
Drop 1 0 0
Tile:9_flip 8 5 1
Drop 4 0 0
Tile:5 8 4 1
Tile:7_flip 5 6 0
Malus 0 0 1
Destroy 5 6 0
Tile:6 9 4 1
Bonus 0 0 0
Tile:7 10 4 1
Tile:8 4 6 0
Tile:3_flip 10 5 1
Tile:15 4 7 0
Malus 0 0 1
Drop 5 0 0
Map 12 3 1
Drop 3 0 0
Map 12 7 1
Drop 2 0 0
Drop 3 0 1
Drop 0 0 0
Drop 0 0 1
Drop 5 0 0
Drop 1 0 1
Drop 5 0 0
Drop 1 0 1
Drop 6 0 0
Drop 6 0 1
Drop 1 0 0
Drop 1 0 1
Drop 4 0 0
Drop 1 0 1
Drop 3 0 0
Drop 1 0 1
Drop 3 0 0
Drop 6 0 1
Drop 6 0 0
Drop 1 0 1
Drop 2 0 0
Drop 6 0 1
Drop 1 0 0
Drop 1 0 1
Drop 3 0 0
Drop 1 0 1
Drop 0 0 0
Drop 1 0 1
Drop 2 0 0
Drop 1 0 1
Drop 0 0 0
Drop 1 0 1
Drop 0 0 0
Drop 0 0 1
GAMEOVER DRAW
# Game ended: Mon Apr 13 20:25:04 EDT 2020
