# Server version 0.08 running on 192.168.2.246:8123
# Game ID: 55
# Board class: Saboteur.SaboteurBoard
# Timeout: 20000
# First Move Timeout: 30000
# Date: Mon Apr 13 18:38:16 EDT 2020
# Player 1: Player-0, '260746982', running on 192.168.2.246
# Player 2: Player-1, 'Human', running on 192.168.2.246
START Player-0 260746982
START Player-1 Human
BoardInit:Tile:13,Tile:8,Tile:12,Tile:5,Map,Tile:9,Tile:11,Tile:6,Tile:7,Map,Tile:0,Tile:6,Tile:5,Tile:5,Tile:0,Tile:0,Tile:14,Bonus,Tile:10,Malus,Tile:4,Destroy,Tile:8,Map,Tile:7,Tile:9,Tile:8,Bonus,Tile:7,Tile:2,Tile:10,Tile:10,Tile:1,Bonus,Tile:9,Tile:0,Destroy,Tile:8,Tile:6,Tile:6,Tile:3-Tile:7,Tile:6,Tile:7,Destroy,Bonus,Tile:8,Map-Tile:9,Tile:15,Tile:9,Tile:5,Malus,Map,Map-Tile:nugget,Tile:hidden2,Tile:hidden1
Tile:8 6 5 1
Drop 5 0 0
Tile:6 7 5 1
Tile:8 6 4 0
Drop 5 0 1
Drop 3 0 0
Map 12 7 1
Tile:5 5 4 0
Drop 4 0 1
Tile:9 6 3 0
Tile:7 8 5 1
Drop 1 0 0
Tile:7_flip 8 6 1
Tile:9_flip 7 4 0
Tile:0 9 6 1
Tile:15 5 6 0
Tile:0 10 6 1
Tile:5 6 2 0
Tile:5_flip 11 6 1
Tile:6_flip 7 3 0
Tile:10 11 5 1
Malus 0 0 0
GAMEOVER USER CANCEL UNDECIDED
# Game ended: Mon Apr 13 18:41:08 EDT 2020
