# Server version 0.08 running on 192.168.2.246:8123
# Game ID: 73
# Board class: Saboteur.SaboteurBoard
# Timeout: 20000
# First Move Timeout: 30000
# Date: Mon Apr 13 20:24:18 EDT 2020
# Player 1: Player-0, 'RandomPlayer', running on 127.0.0.1
# Player 2: Player-1, '260746982', running on 127.0.0.1
START Player-0 RandomPlayer
START Player-1 260746982
BoardInit:Tile:0,Tile:5,Tile:10,Map,Tile:15,Tile:6,Bonus,Tile:0,Tile:11,Destroy,Tile:6,Destroy,Tile:0,Bonus,Tile:9,Tile:8,Map,Tile:4,Tile:7,Tile:14,Tile:9,Bonus,Tile:9,Tile:5,Map,Tile:8,Tile:2,Malus,Tile:7,Malus,Tile:7,Tile:8,Bonus,Tile:5,Tile:7,Tile:10,Tile:8,Tile:10,Tile:5,Tile:6,Destroy-Tile:6,Tile:1,Map,Tile:6,Tile:7,Tile:9,Tile:12-Tile:13,Map,Tile:3,Tile:8,Tile:9,Tile:0,Map-Tile:hidden1,Tile:nugget,Tile:hidden2
Tile:6 6 5 1
Tile:0 4 5 0
Tile:6 7 5 1
Tile:3 7 4 0
Tile:0 8 5 1
Tile:8 5 6 0
Tile:7 9 5 1
Tile:5 4 6 0
Tile:9 9 6 1
Tile:13 10 6 0
Map 12 3 1
Tile:9 10 5 0
Drop 0 0 1
Destroy 7 5 0
Tile:6 7 5 1
Tile:6 11 5 0
Drop 0 0 1
Map 12 3 0
Map 12 7 1
Tile:4_flip 4 7 0
Drop 1 0 1
Tile:8 6 4 0
Drop 2 0 1
Destroy 10 5 0
Drop 0 0 1
Tile:5_flip 9 7 0
Drop 6 0 1
Tile:8 5 4 0
Drop 6 0 1
Tile:0 3 5 0
Drop 1 0 1
Tile:14_flip 5 3 0
Drop 1 0 1
Map 12 3 0
Drop 1 0 1
Map 12 5 0
Drop 1 0 1
Tile:10 10 7 0
Drop 1 0 1
Tile:8 8 7 0
Drop 1 0 1
Tile:10 5 7 0
Drop 1 0 1
Tile:6_flip 11 4 0
Drop 2 0 1
Tile:5 7 7 0
Drop 2 0 1
Drop 2 0 0
Drop 2 0 1
Malus 0 0 0
Bonus 0 0 1
Drop 0 0 0
Drop 1 0 1
Drop 0 0 0
Drop 0 0 1
GAMEOVER DRAW
# Game ended: Mon Apr 13 20:24:18 EDT 2020
