# Server version 0.08 running on 192.168.2.246:8123
# Game ID: 53
# Board class: Saboteur.SaboteurBoard
# Timeout: 20000
# First Move Timeout: 30000
# Date: Mon Apr 13 18:27:47 EDT 2020
# Player 1: Player-0, '260746982', running on 192.168.2.246
# Player 2: Player-1, 'Human', running on 192.168.2.246
START Player-0 260746982
START Player-1 Human
BoardInit:Tile:11,Tile:10,Bonus,Tile:7,Map,Tile:6,Tile:3,Bonus,Tile:6,Bonus,Tile:5,Destroy,Tile:6,Tile:15,Map,Tile:9,Tile:14,Bonus,Tile:10,Tile:5,Map,Tile:8,Malus,Tile:7,Tile:6,Tile:0,Tile:7,Tile:0,Malus,Tile:9,Tile:12,Tile:2,Tile:5,Tile:8,Tile:10,Tile:0,Map,Tile:4,Tile:6,Tile:13,Tile:5-Tile:7,Tile:9,Tile:8,Destroy,Tile:8,Map,Tile:8-Destroy,Tile:0,Tile:1,Map,Tile:9,Tile:9,Tile:7-Tile:hidden1,Tile:hidden2,Tile:nugget
Tile:8 6 5 1
Tile:7 6 4 0
Tile:8 7 5 1
Drop 6 0 0
Tile:8 8 5 1
Destroy 6 4 0
Map 12 7 1
Tile:9_flip 8 4 0
Drop 1 0 1
Tile:6_flip 5 4 0
Tile:6 9 5 1
Map 12 5 0
Tile:5 9 4 1
Tile:9_flip 8 3 0
Tile:6 10 4 1
Tile:0 4 4 0
Drop 5 0 1
Destroy 8 5 0
Drop 6 0 1
Tile:9 7 4 0
Drop 5 0 1
Tile:7 10 5 0
Drop 6 0 1
Tile:8 10 6 0
Malus 0 0 1
Bonus 0 0 0
Tile:6 11 6 1
Tile:5_flip 6 6 0
Tile:10 11 5 1
Tile:7 12 6 0
