# Server version 0.08 running on 192.168.2.246:8123
# Game ID: 42
# Board class: Saboteur.SaboteurBoard
# Timeout: 20000
# First Move Timeout: 30000
# Date: Mon Apr 13 17:07:37 EDT 2020
# Player 1: Player-0, 'Human', running on 192.168.2.246
# Player 2: Player-1, '260746982', running on 192.168.2.246
START Player-0 Human
START Player-1 260746982
BoardInit:Map,Tile:15,Tile:13,Tile:6,Tile:9,Tile:7,Tile:12,Bonus,Destroy,Tile:7,Tile:11,Map,Tile:6,Tile:9,Malus,Tile:10,Tile:4,Tile:9,Tile:1,Tile:3,Tile:6,Tile:7,Tile:5,Tile:9,Tile:0,Tile:7,Tile:8,Tile:8,Tile:0,Malus,Tile:8,Tile:8,Bonus,Tile:14,Map,Tile:10,Tile:5,Map,Tile:7,Tile:2,Tile:8-Bonus,Tile:9,Destroy,Tile:6,Tile:10,Tile:5,Tile:6-Tile:5,Bonus,Tile:0,Tile:0,Map,Destroy,Map-Tile:hidden1,Tile:nugget,Tile:hidden2
Tile:6 4 5 1
Tile:0 6 5 0
Tile:5 5 4 1
Tile:15 5 6 0
Tile:9_flip 4 4 1
Tile:6 7 5 0
Tile:6_flip 3 4 1
Tile:7 8 5 0
Tile:13 5 7 1
Map 12 7 0
Destroy 3 4 1
Tile:7 7 4 0
Tile:11 4 3 1
Tile:0 6 4 0
Tile:6 3 4 1
Tile:9 8 6 0
Drop 5 0 1
Tile:5_flip 9 6 0
Tile:4 3 3 1
Tile:9 9 5 0
Tile:10 9 4 1
Tile:3 9 3 0
Tile:9_flip 5 8 1
Tile:7 10 5 0
Tile:1 8 3 1
Tile:9 10 6 0
Tile:5_flip 10 7 1
Tile:7 11 6 0
Tile:8 6 7 1
Map 12 3 0
Tile:6 5 3 1
Malus 0 0 0
Bonus 0 0 1
GAMEOVER USER CANCEL UNDECIDED
# Game ended: Mon Apr 13 17:08:47 EDT 2020
