# Server version 0.08 running on 192.168.2.246:8123
# Game ID: 128
# Board class: Saboteur.SaboteurBoard
# Timeout: 20000
# First Move Timeout: 30000
# Date: Wed Apr 15 22:55:02 EDT 2020
# Player 1: Player-0, '260746982', running on 192.168.2.246
# Player 2: Player-1, 'Human', running on 192.168.2.246
START Player-0 260746982
START Player-1 Human
BoardInit:Tile:7,Tile:5,Tile:14,Tile:7,Map,Tile:8,Malus,Tile:9,Tile:8,Tile:4,Tile:5,Map,Bonus,Tile:7,Tile:5,Bonus,Tile:6,Tile:9,Tile:11,Tile:9,Tile:0,Map,Map,Tile:7,Tile:8,Destroy,Tile:15,Tile:13,Tile:12,Tile:0,Bonus,Tile:2,Tile:8,Destroy,Map,Tile:9,Tile:0,Tile:10,Tile:10,Destroy,Tile:9-Tile:6,Tile:6,Tile:1,Tile:10,Tile:3,Bonus,Map-Tile:8,Tile:5,Tile:7,Tile:6,Tile:0,Malus,Tile:6-Tile:hidden2,Tile:hidden1,Tile:nugget
Tile:6 6 5 1
Tile:8 7 5 0
Tile:7 8 5 1
Tile:7_flip 8 6 0
Tile:14 9 6 1
Malus 0 0 0
Bonus 0 0 1
Drop 0 0 0
Malus 0 0 1
Drop 0 0 0
Tile:8 7 4 1
Drop 6 0 0
Map 12 7 1
Map 12 3 0
Map 12 5 1
Drop 0 0 0
Tile:5 7 3 1
Bonus 0 0 0
Tile:6 8 3 1
Drop 0 0 0
Tile:6 9 3 1
Tile:7 10 3 0
Tile:10 10 4 1
Map 12 7 0
Drop 5 0 1
Tile:8 10 5 0
Drop 4 0 1
Tile:9 10 6 0
Drop 1 0 1
Drop 6 0 0
Drop 0 0 1
Drop 0 0 0
Drop 4 0 1
Drop 6 0 0
Drop 4 0 1
Drop 0 0 0
Drop 6 0 1
Drop 0 0 0
Drop 2 0 1
Drop 0 0 0
Drop 6 0 1
Drop 0 0 0
Drop 1 0 1
Drop 0 0 0
Drop 2 0 1
Drop 0 0 0
Drop 3 0 1
Drop 0 0 0
Drop 0 0 1
Drop 0 0 0
Drop 2 0 1
Drop 0 0 0
Drop 1 0 1
Drop 0 0 0
Drop 0 0 1
GAMEOVER DRAW
# Game ended: Wed Apr 15 22:57:58 EDT 2020
