# Server version 0.08 running on 192.168.2.246:8123
# Game ID: 112
# Board class: Saboteur.SaboteurBoard
# Timeout: 20000
# First Move Timeout: 30000
# Date: Mon Apr 13 20:28:23 EDT 2020
# Player 1: Player-0, '260746982', running on 127.0.0.1
# Player 2: Player-1, 'RandomPlayer', running on 127.0.0.1
START Player-0 260746982
START Player-1 RandomPlayer
BoardInit:Map,Tile:8,Map,Tile:9,Map,Tile:10,Tile:0,Tile:9,Tile:15,Tile:0,Tile:7,Tile:6,Map,Bonus,Tile:9,Tile:4,Bonus,Tile:5,Tile:7,Map,Tile:5,Tile:10,Tile:8,Tile:3,Tile:7,Malus,Tile:0,Tile:13,Tile:9,Tile:11,Destroy,Tile:14,Tile:8,Map,Destroy,Destroy,Tile:12,Tile:7,Tile:6,Tile:1,Tile:10-Tile:6,Tile:2,Tile:0,Tile:6,Malus,Bonus,Tile:5-Bonus,Tile:5,Tile:8,Tile:8,Tile:7,Tile:6,Tile:9-Tile:hidden1,Tile:hidden2,Tile:nugget
Tile:6_flip 4 5 1
Tile:8 6 5 0
Tile:6_flip 6 4 1
Tile:8 7 5 0
Tile:2_flip 8 5 1
Drop 1 0 0
Tile:5 5 4 1
Drop 1 0 0
Map 12 7 1
Drop 1 0 0
Tile:15 8 4 1
Drop 6 0 0
Drop 0 0 1
Tile:9 8 3 0
Map 12 5 1
Tile:6 9 5 0
Tile:9_flip 7 6 1
Tile:9_flip 10 5 0
Tile:7_flip 6 6 1
Tile:10 10 6 0
Tile:7_flip 3 5 1
Tile:8 3 4 0
Drop 5 0 1
Map 12 5 0
Map 12 5 1
Tile:9_flip 5 6 0
Tile:5_flip 4 4 1
Malus 0 0 0
Drop 2 0 1
Tile:3_flip 2 4 0
Malus 0 0 1
Bonus 0 0 0
Bonus 0 0 1
Tile:10 9 4 0
Tile:8 4 6 1
Tile:4 8 2 0
Destroy 6 5 1
Tile:11_flip 7 4 0
Destroy 10 5 1
Tile:13 6 5 0
Tile:7 7 3 1
Destroy 3 4 0
Tile:9 2 3 1
Tile:14_flip 2 2 0
Drop 4 0 1
Map 12 5 0
Tile:0 3 3 1
Drop 0 0 0
Tile:12_flip 6 3 1
Tile:1 3 2 0
Tile:8 10 5 1
Tile:5_flip 7 7 0
Tile:10 10 4 1
Tile:7 4 3 0
Map 12 5 1
GAMEOVER DRAW
# Game ended: Mon Apr 13 20:28:23 EDT 2020
