# Server version 0.08 running on 192.168.2.246:8123
# Game ID: 51
# Board class: Saboteur.SaboteurBoard
# Timeout: 20000
# First Move Timeout: 30000
# Date: Mon Apr 13 18:21:05 EDT 2020
# Player 1: Player-0, '260746982', running on 192.168.2.246
# Player 2: Player-1, 'Human', running on 192.168.2.246
START Player-0 260746982
START Player-1 Human
BoardInit:Tile:0,Tile:8,Malus,Map,Tile:9,Bonus,Destroy,Tile:15,Tile:9,Tile:5,Tile:8,Tile:9,Tile:0,Tile:13,Tile:2,Tile:6,Tile:8,Tile:8,Tile:6,Tile:5,Tile:6,Tile:10,Tile:9,Tile:7,Tile:7,Bonus,Tile:11,Tile:12,Tile:4,Tile:7,Destroy,Tile:3,Tile:7,Map,Tile:9,Bonus,Tile:8,Tile:5,Map,Map,Malus-Tile:7,Tile:14,Map,Tile:0,Destroy,Tile:6,Tile:0-Tile:6,Map,Tile:1,Tile:10,Tile:5,Bonus,Tile:10-Tile:nugget,Tile:hidden2,Tile:hidden1
Tile:6 6 5 1
Tile:6 5 6 0
Tile:0 7 5 1
Tile:10 6 4 0
Malus 0 0 1
Bonus 0 0 0
Tile:0 8 5 1
Tile:8 4 5 0
Tile:0 9 5 1
Tile:5 4 4 0
Tile:9_flip 10 5 1
Tile:5 6 3 0
Tile:9 10 6 1
Drop 4 0 0
Tile:8 11 6 1
Tile:9_flip 11 7 0
Destroy 11 7 1
Drop 6 0 0
Destroy 11 6 1
Tile:1 7 3 0
Tile:8 11 6 1
Tile:8 11 7 0
Tile:6 11 8 1
Tile:13 10 7 0
