# Server version 0.08 running on 192.168.2.246:8123
# Game ID: 72
# Board class: Saboteur.SaboteurBoard
# Timeout: 20000
# First Move Timeout: 30000
# Date: Mon Apr 13 20:24:16 EDT 2020
# Player 1: Player-0, '260746982', running on 127.0.0.1
# Player 2: Player-1, 'RandomPlayer', running on 127.0.0.1
START Player-0 260746982
START Player-1 RandomPlayer
BoardInit:Malus,Tile:7,Tile:0,Tile:13,Tile:2,Tile:10,Tile:9,Tile:5,Tile:9,Tile:3,Tile:7,Tile:8,Tile:6,Tile:0,Tile:6,Malus,Tile:7,Tile:5,Tile:6,Tile:0,Bonus,Tile:9,Tile:5,Tile:10,Tile:7,Bonus,Tile:4,Tile:9,Map,Tile:11,Map,Tile:1,Map,Bonus,Tile:8,Tile:15,Map,Map,Destroy,Tile:8,Destroy-Tile:6,Tile:6,Tile:9,Map,Destroy,Tile:0,Tile:8-Tile:14,Tile:5,Tile:10,Tile:8,Tile:7,Tile:12,Bonus-Tile:hidden2,Tile:nugget,Tile:hidden1
Tile:0 4 5 1
Tile:8 6 5 0
Tile:6 3 5 1
Tile:5_flip 7 5 0
Malus 0 0 1
Bonus 0 0 0
Drop 2 0 1
Drop 0 0 0
Tile:9 3 4 1
Tile:5 7 4 0
Destroy 4 5 1
Tile:7 8 4 0
Tile:2_flip 2 5 1
Tile:7_flip 8 5 0
Tile:8 9 5 1
Tile:8 10 5 0
Tile:6 4 4 1
Tile:0 11 5 0
GAMEOVER WINNER 0
# Game ended: Mon Apr 13 20:24:17 EDT 2020
