# Server version 0.08 running on 192.168.2.246:8123
# Game ID: 118
# Board class: Saboteur.SaboteurBoard
# Timeout: 20000
# First Move Timeout: 30000
# Date: Mon Apr 13 20:46:14 EDT 2020
# Player 1: Player-0, '260746982', running on 192.168.2.246
# Player 2: Player-1, '260746982', running on 192.168.2.246
START Player-0 260746982
START Player-1 260746982
BoardInit:Tile:10,Tile:8,Tile:9,Tile:10,Map,Tile:15,Tile:9,Tile:6,Tile:6,Tile:7,Bonus,Tile:4,Tile:11,Tile:5,Tile:6,Tile:7,Destroy,Tile:7,Tile:5,Tile:9,Tile:8,Tile:5,Tile:7,Tile:2,Tile:8,Tile:5,Tile:6,Destroy,Tile:1,Tile:6,Destroy,Map,Tile:9,Bonus,Malus,Tile:12,Tile:7,Tile:0,Tile:13,Tile:8,Tile:14-Map,Bonus,Malus,Bonus,Tile:0,Map,Tile:8-Map,Tile:3,Tile:0,Map,Tile:0,Tile:10,Tile:9-Tile:hidden1,Tile:hidden2,Tile:nugget
Tile:0 6 5 1
Tile:0 7 5 0
Tile:8 8 5 1
Tile:0 9 5 0
Malus 0 0 1
Map 12 3 0
Tile:9_flip 10 5 1
Map 12 7 0
Tile:9 10 4 1
Drop 0 0 0
Tile:6 11 4 1
Drop 4 0 0
Map 12 3 1
Drop 6 0 0
Tile:11_flip 12 4 1
Drop 0 0 0
Tile:6 10 6 1
Drop 0 0 0
Map 12 7 1
Drop 0 0 0
Tile:5_flip 11 6 1
Drop 0 0 0
Drop 3 0 1
Drop 0 0 0
Drop 2 0 1
Drop 6 0 0
Drop 3 0 1
Drop 0 0 0
Drop 3 0 1
Destroy 11 6 0
Tile:7 11 6 1
Drop 0 0 0
Tile:8 11 7 1
GAMEOVER WINNER 1
# Game ended: Mon Apr 13 20:46:14 EDT 2020
