# Server version 0.08 running on 192.168.2.246:8123
# Game ID: 87
# Board class: Saboteur.SaboteurBoard
# Timeout: 20000
# First Move Timeout: 30000
# Date: Mon Apr 13 20:24:37 EDT 2020
# Player 1: Player-0, 'RandomPlayer', running on 127.0.0.1
# Player 2: Player-1, '260746982', running on 127.0.0.1
START Player-0 RandomPlayer
START Player-1 260746982
BoardInit:Tile:11,Tile:4,Tile:6,Destroy,Tile:5,Tile:0,Tile:7,Tile:7,Tile:9,Tile:7,Bonus,Map,Tile:9,Bonus,Malus,Tile:5,Tile:5,Tile:6,Tile:5,Bonus,Tile:13,Tile:6,Map,Tile:8,Tile:1,Tile:8,Destroy,Tile:6,Map,Tile:8,Tile:15,Tile:14,Tile:7,Malus,Tile:9,Tile:9,Map,Tile:8,Tile:2,Tile:0,Tile:3-Map,Map,Tile:10,Tile:10,Tile:7,Destroy,Bonus-Tile:0,Tile:10,Tile:6,Tile:9,Tile:8,Tile:0,Tile:12-Tile:hidden1,Tile:nugget,Tile:hidden2
Tile:7 6 5 1
Tile:10 5 4 0
Map 12 3 1
Tile:6 5 6 0
Tile:6 6 6 1
Tile:9 4 6 0
Tile:5_flip 7 6 1
Drop 5 0 0
Map 12 7 1
Drop 1 0 0
Tile:9 7 5 1
Drop 1 0 0
Tile:7 8 5 1
Tile:4_flip 4 7 0
Tile:9 8 6 1
Tile:7 5 3 0
Malus 0 0 1
Drop 0 0 0
Tile:5_flip 9 6 1
Bonus 0 0 0
Tile:5 9 5 1
Tile:5 7 4 0
Tile:11_flip 10 5 1
Tile:7_flip 10 6 0
Drop 6 0 1
Map 12 5 0
Drop 5 0 1
Tile:0 8 4 0
Drop 5 0 1
Tile:6 11 6 0
Drop 6 0 1
Tile:6_flip 4 5 0
Drop 6 0 1
Tile:8 4 3 0
Drop 0 0 1
Tile:6_flip 10 4 0
Drop 0 0 1
Drop 6 0 0
Drop 6 0 1
Tile:14_flip 3 3 0
Drop 6 0 1
Tile:8 3 5 0
Drop 6 0 1
Tile:8 2 5 0
Drop 0 0 1
Drop 3 0 0
Drop 2 0 1
Tile:12_flip 1 5 0
Drop 2 0 1
Malus 0 0 0
Bonus 0 0 1
Tile:0 9 4 0
Tile:9_flip 11 4 1
Drop 0 0 0
Drop 0 0 1
GAMEOVER DRAW
# Game ended: Mon Apr 13 20:24:38 EDT 2020
