# Server version 0.08 running on 192.168.2.246:8123
# Game ID: 90
# Board class: Saboteur.SaboteurBoard
# Timeout: 20000
# First Move Timeout: 30000
# Date: Mon Apr 13 20:24:42 EDT 2020
# Player 1: Player-0, '260746982', running on 127.0.0.1
# Player 2: Player-1, 'RandomPlayer', running on 127.0.0.1
START Player-0 260746982
START Player-1 RandomPlayer
BoardInit:Tile:14,Map,Tile:10,Tile:6,Tile:1,Tile:10,Tile:6,Tile:4,Tile:9,Tile:2,Map,Tile:9,Bonus,Map,Tile:8,Tile:9,Map,Tile:0,Tile:5,Tile:7,Tile:8,Tile:10,Tile:7,Map,Tile:6,Destroy,Tile:7,Bonus,Bonus,Tile:8,Tile:9,Tile:15,Malus,Tile:0,Tile:7,Tile:3,Tile:8,Tile:8,Destroy,Tile:12,Tile:13-Bonus,Tile:5,Tile:0,Tile:9,Tile:6,Destroy,Malus-Map,Tile:7,Tile:6,Tile:11,Tile:5,Tile:5,Tile:0-Tile:hidden1,Tile:hidden2,Tile:nugget
Tile:5_flip 5 6 1
Tile:6 6 5 0
Tile:9_flip 7 5 1
Tile:7_flip 7 6 0
Tile:0 8 6 1
Tile:0 9 6 0
Tile:1 4 6 1
Tile:6 10 6 0
Tile:14 11 6 1
Map 12 3 0
Tile:6_flip 7 4 1
Map 12 7 0
Tile:9_flip 8 4 1
Drop 0 0 0
Drop 3 0 1
Drop 6 0 0
Tile:6_flip 6 4 1
Drop 3 0 0
Map 12 7 1
Drop 3 0 0
Tile:8 5 4 1
Drop 0 0 0
Destroy 9 6 1
Tile:0 9 6 0
Tile:8 11 5 1
Drop 6 0 0
Tile:7_flip 8 5 1
Drop 0 0 0
Tile:5 8 3 1
Drop 0 0 0
Tile:6 9 5 1
Drop 0 0 0
Tile:9_flip 5 3 1
Drop 6 0 0
Drop 3 0 1
Drop 0 0 0
Tile:7_flip 4 3 1
Drop 6 0 0
Tile:7 5 2 1
Drop 0 0 0
Destroy 4 6 1
Drop 6 0 0
Tile:13 10 5 1
Drop 0 0 0
Drop 4 0 1
Drop 0 0 0
Tile:8 4 6 1
Drop 1 0 0
Drop 2 0 1
Drop 1 0 0
Drop 0 0 1
Drop 1 0 0
Malus 0 0 1
Bonus 0 0 0
Drop 0 0 1
GAMEOVER DRAW
# Game ended: Mon Apr 13 20:24:42 EDT 2020
