# Server version 0.08 running on 192.168.2.246:8123
# Game ID: 145
# Board class: Saboteur.SaboteurBoard
# Timeout: 20000
# First Move Timeout: 30000
# Date: Wed Apr 15 23:45:13 EDT 2020
# Player 1: Player-0, '260746982', running on 192.168.2.246
# Player 2: Player-1, '260746982', running on 192.168.2.246
START Player-0 260746982
START Player-1 260746982
BoardInit:Tile:7,Bonus,Tile:0,Map,Tile:5,Tile:9,Tile:5,Destroy,Tile:6,Destroy,Tile:7,Tile:13,Tile:0,Tile:5,Tile:2,Tile:11,Tile:9,Malus,Tile:3,Tile:10,Tile:7,Malus,Bonus,Tile:8,Tile:15,Bonus,Tile:6,Tile:8,Destroy,Tile:5,Tile:1,Tile:6,Tile:9,Map,Tile:12,Tile:6,Tile:7,Tile:4,Tile:8,Bonus,Tile:10-Map,Map,Tile:8,Tile:7,Tile:6,Map,Tile:14-Tile:0,Map,Tile:9,Tile:0,Tile:9,Tile:8,Tile:10-Tile:hidden2,Tile:hidden1,Tile:nugget
Tile:8 6 5 1
Tile:0 7 5 0
Tile:6 8 5 1
Tile:0 9 5 0
Map 12 3 1
Map 12 3 0
Map 12 7 1
Map 12 7 0
Tile:7 10 5 1
Tile:9 10 6 0
Drop 0 0 1
Drop 0 0 0
Drop 0 0 1
Drop 6 0 0
Drop 0 0 1
Drop 0 0 0
Drop 6 0 1
Drop 6 0 0
Drop 0 0 1
Malus 0 0 0
Drop 6 0 1
Tile:9_flip 11 6 0
Drop 0 0 1
Malus 0 0 0
Bonus 0 0 1
Tile:8 11 7 0
GAMEOVER WINNER 0
# Game ended: Wed Apr 15 23:45:14 EDT 2020
