# Server version 0.08 running on 192.168.2.246:8123
# Game ID: 138
# Board class: Saboteur.SaboteurBoard
# Timeout: 20000
# First Move Timeout: 30000
# Date: Wed Apr 15 23:40:07 EDT 2020
# Player 1: Player-0, 'Human', running on 192.168.2.246
# Player 2: Player-1, '260746982', running on 192.168.2.246
START Player-0 Human
START Player-1 260746982
BoardInit:Tile:6,Tile:0,Tile:8,Malus,Tile:9,Tile:3,Destroy,Bonus,Map,Tile:5,Tile:10,Tile:14,Tile:6,Map,Tile:7,Bonus,Map,Destroy,Bonus,Tile:6,Tile:9,Tile:2,Tile:0,Tile:7,Tile:10,Bonus,Malus,Tile:8,Tile:8,Tile:7,Map,Tile:15,Tile:12,Tile:6,Tile:8,Tile:1,Tile:0,Map,Tile:5,Tile:9,Tile:9-Tile:9,Tile:8,Map,Tile:7,Tile:13,Tile:0,Tile:4-Tile:5,Tile:6,Tile:10,Tile:7,Tile:5,Destroy,Tile:11-Tile:hidden2,Tile:nugget,Tile:hidden1
Tile:8 6 5 1
Tile:7 7 5 0
Tile:9 7 6 1
Tile:0 8 6 0
Tile:0 9 6 1
Malus 0 0 0
Map 12 3 1
Tile:6 10 6 0
Drop 1 0 1
Tile:5_flip 11 6 0
Destroy 11 6 1
Tile:5_flip 11 6 0
Map 12 7 1
Tile:5 11 5 0
GAMEOVER WINNER 0
# Game ended: Wed Apr 15 23:40:37 EDT 2020
