# Server version 0.08 running on 192.168.2.246:8123
# Game ID: 100
# Board class: Saboteur.SaboteurBoard
# Timeout: 20000
# First Move Timeout: 30000
# Date: Mon Apr 13 20:24:57 EDT 2020
# Player 1: Player-0, '260746982', running on 127.0.0.1
# Player 2: Player-1, 'RandomPlayer', running on 127.0.0.1
START Player-0 260746982
START Player-1 RandomPlayer
BoardInit:Destroy,Tile:5,Tile:9,Tile:6,Tile:4,Tile:9,Tile:8,Tile:0,Tile:10,Tile:0,Tile:2,Tile:8,Tile:11,Map,Bonus,Map,Malus,Map,Map,Tile:6,Tile:0,Tile:7,Tile:7,Tile:6,Tile:1,Tile:0,Tile:6,Map,Tile:3,Tile:5,Tile:10,Bonus,Map,Tile:5,Tile:9,Destroy,Tile:12,Tile:8,Tile:7,Tile:14,Tile:9-Tile:8,Tile:13,Tile:5,Tile:7,Bonus,Tile:8,Tile:15-Tile:9,Bonus,Malus,Destroy,Tile:6,Tile:10,Tile:7-Tile:nugget,Tile:hidden2,Tile:hidden1
Tile:8 5 6 1
Tile:6 6 5 0
Tile:7_flip 5 7 1
Tile:9_flip 7 5 0
Tile:13 7 6 1
Tile:5 7 4 0
Drop 6 0 1
Tile:6 8 4 0
Tile:8 4 6 1
Malus 0 0 0
Destroy 4 6 1
Tile:0 9 4 0
Bonus 0 0 1
Tile:0 10 4 0
Tile:10 7 7 1
Tile:8 11 4 0
Tile:9 11 5 1
Tile:10 12 6 0
Tile:8 5 4 1
Tile:9 11 3 0
GAMEOVER WINNER 0
# Game ended: Mon Apr 13 20:24:57 EDT 2020
