# Server version 0.08 running on 192.168.2.246:8123
# Game ID: 150
# Board class: Saboteur.SaboteurBoard
# Timeout: 20000
# First Move Timeout: 30000
# Date: Wed Apr 15 23:47:12 EDT 2020
# Player 1: Player-0, '260746982', running on 192.168.2.246
# Player 2: Player-1, '260746982', running on 192.168.2.246
START Player-0 260746982
START Player-1 260746982
BoardInit:Map,Tile:10,Bonus,Tile:3,Tile:5,Tile:13,Bonus,Map,Tile:7,Map,Tile:12,Tile:7,Destroy,Tile:1,Tile:2,Tile:9,Tile:7,Tile:8,Tile:4,Tile:5,Destroy,Tile:5,Tile:15,Tile:0,Tile:8,Malus,Tile:9,Tile:0,Tile:6,Tile:11,Tile:14,Tile:0,Tile:6,Tile:7,Map,Tile:6,Tile:9,Tile:10,Tile:10,Tile:7,Malus-Tile:6,Tile:8,Bonus,Map,Tile:9,Tile:8,Tile:8-Map,Tile:6,Tile:0,Tile:9,Bonus,Tile:5,Destroy-Tile:nugget,Tile:hidden1,Tile:hidden2
Tile:6 6 5 1
Tile:6 7 5 0
Tile:8 8 5 1
Tile:0 9 5 0
Map 12 3 1
Tile:9_flip 10 5 0
Tile:9 10 4 1
Map 12 3 0
Drop 3 0 1
Drop 6 0 0
Drop 0 0 1
Drop 6 0 0
Drop 6 0 1
Drop 4 0 0
Drop 0 0 1
Drop 4 0 0
Drop 6 0 1
Drop 5 0 0
Drop 0 0 1
Drop 0 0 0
Drop 6 0 1
Drop 0 0 0
Drop 0 0 1
Drop 0 0 0
Drop 6 0 1
Drop 0 0 0
Drop 0 0 1
Malus 0 0 0
Bonus 0 0 1
Drop 0 0 0
Drop 0 0 1
Drop 6 0 0
Drop 6 0 1
Drop 0 0 0
Drop 0 0 1
Drop 0 0 0
Drop 6 0 1
Drop 0 0 0
Drop 0 0 1
Drop 0 0 0
Drop 0 0 1
Drop 0 0 0
Malus 0 0 1
Drop 0 0 0
Tile:8 11 4 1
Drop 0 0 0
Tile:9 11 3 1
GAMEOVER WINNER 1
# Game ended: Wed Apr 15 23:47:15 EDT 2020
