# Server version 0.08 running on 192.168.2.246:8123
# Game ID: 122
# Board class: Saboteur.SaboteurBoard
# Timeout: 20000
# First Move Timeout: 30000
# Date: Wed Apr 15 22:28:16 EDT 2020
# Player 1: Player-0, '260746982', running on 192.168.2.246
# Player 2: Player-1, 'Human', running on 192.168.2.246
START Player-0 260746982
START Player-1 Human
BoardInit:Tile:6,Bonus,Tile:9,Tile:15,Map,Bonus,Tile:7,Tile:2,Tile:6,Bonus,Tile:0,Tile:8,Tile:1,Tile:6,Tile:10,Tile:0,Tile:5,Tile:5,Tile:9,Map,Tile:8,Tile:8,Tile:8,Tile:7,Tile:13,Tile:4,Tile:14,Tile:6,Tile:10,Malus,Tile:6,Tile:7,Tile:9,Tile:11,Tile:9,Tile:0,Destroy,Tile:7,Tile:12,Tile:0,Tile:3-Tile:7,Map,Map,Map,Map,Tile:10,Destroy-Tile:9,Bonus,Tile:5,Tile:8,Destroy,Tile:5,Malus-Tile:hidden2,Tile:nugget,Tile:hidden1
Map 12 5 1
Tile:8 6 5 0
Map 12 7 1
Tile:9_flip 7 5 0
Map 12 3 1
Tile:5 7 4 0
Tile:6 8 4 1
Malus 0 0 0
Drop 5 0 1
Tile:5_flip 9 4 0
Drop 1 0 1
Drop 3 0 0
Drop 1 0 1
Drop 4 0 0
Drop 6 0 1
Drop 1 0 0
Drop 6 0 1
Drop 4 0 0
Drop 6 0 1
Drop 4 0 0
Drop 6 0 1
Map 12 3 0
Drop 2 0 1
Drop 4 0 0
Drop 2 0 1
Drop 4 0 0
Drop 6 0 1
Drop 6 0 0
