# Server version 0.08 running on 192.168.2.246:8123
# Game ID: 107
# Board class: Saboteur.SaboteurBoard
# Timeout: 20000
# First Move Timeout: 30000
# Date: Mon Apr 13 20:25:06 EDT 2020
# Player 1: Player-0, 'RandomPlayer', running on 127.0.0.1
# Player 2: Player-1, '260746982', running on 127.0.0.1
START Player-0 RandomPlayer
START Player-1 260746982
BoardInit:Map,Tile:10,Tile:7,Tile:9,Tile:10,Tile:6,Destroy,Tile:6,Tile:5,Tile:7,Bonus,Tile:9,Tile:9,Map,Tile:2,Tile:6,Tile:10,Tile:5,Malus,Tile:4,Tile:1,Tile:7,Destroy,Tile:5,Tile:6,Tile:13,Tile:8,Bonus,Tile:0,Map,Tile:8,Tile:14,Tile:15,Tile:8,Tile:9,Tile:0,Tile:11,Tile:0,Destroy,Map,Tile:5-Bonus,Tile:8,Tile:6,Tile:12,Tile:9,Tile:8,Malus-Tile:7,Tile:7,Map,Map,Bonus,Tile:0,Tile:3-Tile:hidden2,Tile:nugget,Tile:hidden1
Tile:8 6 5 1
Tile:0 7 5 0
Tile:6 8 5 1
Tile:3 6 4 0
Tile:8 9 5 1
Tile:7 8 4 0
Malus 0 0 1
Map 12 7 0
Tile:9_flip 10 5 1
Map 12 7 0
Tile:7_flip 10 6 1
Bonus 0 0 0
Tile:5_flip 11 6 1
Tile:9 6 6 0
Tile:9 11 5 1
GAMEOVER WINNER 1
# Game ended: Mon Apr 13 20:25:06 EDT 2020
