# Server version 0.08 running on 192.168.2.246:8123
# Game ID: 126
# Board class: Saboteur.SaboteurBoard
# Timeout: 20000
# First Move Timeout: 30000
# Date: Wed Apr 15 22:52:53 EDT 2020
# Player 1: Player-0, '260746982', running on 192.168.2.246
# Player 2: Player-1, 'Human', running on 192.168.2.246
START Player-0 260746982
START Player-1 Human
BoardInit:Tile:5,Tile:1,Bonus,Map,Tile:0,Bonus,Tile:9,Tile:4,Map,Tile:8,Tile:7,Tile:6,Tile:6,Tile:0,Tile:5,Tile:10,Tile:5,Destroy,Tile:14,Map,Tile:10,Tile:9,Tile:3,Malus,Tile:8,Tile:7,Tile:6,Tile:10,Tile:7,Tile:5,Tile:8,Map,Tile:12,Tile:6,Tile:7,Map,Bonus,Tile:2,Tile:11,Destroy,Tile:7-Destroy,Tile:8,Tile:0,Bonus,Tile:9,Tile:15,Tile:6-Malus,Tile:13,Tile:9,Tile:9,Map,Tile:8,Tile:0-Tile:hidden1,Tile:nugget,Tile:hidden2
Tile:6 6 5 1
Tile:8 7 5 0
Tile:9 7 6 1
Tile:0 8 5 0
Tile:0 9 5 1
Malus 0 0 0
Bonus 0 0 1
Tile:9_flip 10 5 0
Destroy 8 5 1
Tile:9_flip 8 6 0
GAMEOVER USER CANCEL UNDECIDED
# Game ended: Wed Apr 15 22:53:18 EDT 2020
