# Server version 0.08 running on 192.168.2.246:8123
# Game ID: 120
# Board class: Saboteur.SaboteurBoard
# Timeout: 20000
# First Move Timeout: 30000
# Date: Mon Apr 13 20:47:45 EDT 2020
# Player 1: Player-0, '260746982', running on 192.168.2.246
# Player 2: Player-1, 'Human', running on 192.168.2.246
START Player-0 260746982
START Player-1 Human
BoardInit:Tile:11,Tile:5,Tile:0,Tile:10,Map,Tile:2,Tile:8,Tile:0,Destroy,Bonus,Tile:8,Tile:10,Tile:6,Tile:8,Map,Tile:5,Tile:7,Bonus,Map,Tile:4,Tile:10,Map,Map,Tile:9,Tile:6,Tile:7,Tile:7,Tile:9,Bonus,Tile:13,Map,Tile:3,Destroy,Bonus,Tile:9,Tile:8,Malus,Tile:0,Malus,Tile:15,Tile:9-Tile:1,Tile:6,Destroy,Tile:7,Tile:5,Tile:14,Tile:7-Tile:9,Tile:12,Tile:5,Tile:6,Tile:6,Tile:0,Tile:8-Tile:hidden1,Tile:hidden2,Tile:nugget
Tile:7 6 5 1
Tile:9 6 6 0
Tile:6 7 6 1
Tile:6 8 6 0
Tile:7 8 5 1
Tile:6 9 6 0
Tile:5 9 5 1
Drop 0 0 0
Tile:8 10 5 1
Tile:0 11 5 0
Map 12 7 1
Tile:8 12 4 0
Tile:8 12 6 1
GAMEOVER WINNER 1
# Game ended: Mon Apr 13 20:48:13 EDT 2020
