# Server version 0.08 running on 192.168.2.246:8123
# Game ID: 144
# Board class: Saboteur.SaboteurBoard
# Timeout: 20000
# First Move Timeout: 30000
# Date: Wed Apr 15 23:45:09 EDT 2020
# Player 1: Player-0, '260746982', running on 192.168.2.246
# Player 2: Player-1, '260746982', running on 192.168.2.246
START Player-0 260746982
START Player-1 260746982
BoardInit:Tile:13,Tile:5,Malus,Tile:10,Map,Tile:3,Tile:6,Tile:0,Tile:9,Bonus,Tile:8,Map,Tile:7,Destroy,Tile:5,Tile:0,Tile:0,Tile:14,Bonus,Tile:6,Tile:8,Tile:2,Tile:8,Tile:1,Tile:9,Tile:11,Malus,Tile:9,Tile:6,Tile:4,Bonus,Tile:5,Map,Tile:7,Map,Bonus,Tile:7,Tile:9,Map,Tile:10,Tile:15-Tile:5,Tile:6,Destroy,Tile:7,Tile:0,Tile:6,Tile:8-Tile:7,Map,Tile:9,Tile:8,Destroy,Tile:10,Tile:12-Tile:nugget,Tile:hidden2,Tile:hidden1
Tile:6 6 5 1
Tile:8 7 5 0
Tile:0 8 5 1
Tile:7 9 5 0
Tile:7_flip 9 6 1
Tile:9_flip 10 6 0
Malus 0 0 1
Map 12 3 0
Tile:5 10 5 1
Drop 2 0 0
Tile:6 11 5 1
Bonus 0 0 0
Tile:8 12 4 1
GAMEOVER WINNER 1
# Game ended: Wed Apr 15 23:45:10 EDT 2020
