# Server version 0.08 running on 192.168.2.246:8123
# Game ID: 92
# Board class: Saboteur.SaboteurBoard
# Timeout: 20000
# First Move Timeout: 30000
# Date: Mon Apr 13 20:24:46 EDT 2020
# Player 1: Player-0, '260746982', running on 127.0.0.1
# Player 2: Player-1, 'RandomPlayer', running on 127.0.0.1
START Player-0 260746982
START Player-1 RandomPlayer
BoardInit:Tile:8,Tile:9,Tile:5,Tile:2,Map,Tile:7,Tile:6,Malus,Bonus,Tile:9,Tile:6,Map,Tile:5,Tile:10,Tile:0,Tile:4,Map,Destroy,Tile:6,Tile:8,Tile:8,Map,Tile:10,Tile:6,Tile:9,Tile:13,Tile:12,Bonus,Tile:1,Bonus,Map,Tile:10,Tile:8,Tile:7,Tile:0,Tile:15,Destroy,Tile:5,Malus,Destroy,Tile:9-Tile:7,Tile:9,Tile:7,Tile:14,Tile:3,Map,Tile:11-Tile:5,Tile:0,Tile:6,Bonus,Tile:0,Tile:8,Tile:7-Tile:nugget,Tile:hidden2,Tile:hidden1
Tile:11 5 6 1
Tile:0 6 5 0
Drop 1 0 1
Tile:6 7 5 0
Tile:7 5 4 1
Tile:0 8 5 0
Map 12 3 1
Tile:8 9 5 0
Tile:7_flip 9 6 1
Malus 0 0 0
Drop 1 0 1
Tile:5_flip 10 5 0
Drop 6 0 1
Tile:9 10 4 0
Map 12 7 1
Tile:7 11 4 0
Drop 1 0 1
Tile:7_flip 11 5 0
Drop 3 0 1
Tile:9 12 4 0
GAMEOVER WINNER 0
# Game ended: Mon Apr 13 20:24:46 EDT 2020
