# Server version 0.08 running on 192.168.2.246:8123
# Game ID: 142
# Board class: Saboteur.SaboteurBoard
# Timeout: 20000
# First Move Timeout: 30000
# Date: Wed Apr 15 23:43:37 EDT 2020
# Player 1: Player-0, '260746982', running on 192.168.2.246
# Player 2: Player-1, '260746982', running on 192.168.2.246
START Player-0 260746982
START Player-1 260746982
BoardInit:Tile:6,Tile:9,Tile:5,Tile:3,Tile:8,Tile:10,Tile:6,Tile:1,Destroy,Tile:7,Tile:12,Tile:10,Bonus,Tile:9,Tile:15,Bonus,Tile:0,Map,Map,Tile:11,Tile:14,Tile:10,Tile:5,Tile:2,Tile:5,Tile:8,Tile:0,Tile:7,Tile:9,Tile:8,Tile:9,Bonus,Tile:7,Tile:6,Map,Bonus,Tile:6,Tile:13,Tile:6,Tile:7,Destroy-Map,Tile:0,Tile:4,Tile:5,Map,Tile:0,Destroy-Tile:7,Tile:8,Map,Malus,Tile:9,Malus,Tile:8-Tile:nugget,Tile:hidden1,Tile:hidden2
Tile:0 6 5 1
Tile:8 7 5 0
Tile:0 8 5 1
Tile:8 9 5 0
Map 12 3 1
Tile:7 10 5 0
Tile:4 5 4 1
Tile:9 10 6 0
Tile:5 4 5 1
Malus 0 0 0
Drop 0 0 1
Malus 0 0 0
Drop 6 0 1
Tile:9_flip 11 6 0
Bonus 0 0 1
Tile:7_flip 11 7 0
Drop 6 0 1
Tile:10 12 6 0
Drop 0 0 1
Tile:10 12 4 0
GAMEOVER WINNER 0
# Game ended: Wed Apr 15 23:43:37 EDT 2020
