# Server version 0.08 running on 192.168.2.246:8123
# Game ID: 77
# Board class: Saboteur.SaboteurBoard
# Timeout: 20000
# First Move Timeout: 30000
# Date: Mon Apr 13 20:24:23 EDT 2020
# Player 1: Player-0, 'RandomPlayer', running on 127.0.0.1
# Player 2: Player-1, '260746982', running on 127.0.0.1
START Player-0 RandomPlayer
START Player-1 260746982
BoardInit:Map,Tile:4,Tile:8,Malus,Tile:0,Tile:15,Tile:6,Tile:6,Bonus,Malus,Tile:10,Map,Tile:6,Tile:1,Tile:3,Tile:9,Tile:11,Tile:13,Tile:7,Tile:5,Tile:8,Map,Tile:9,Tile:7,Tile:12,Bonus,Tile:5,Map,Tile:2,Destroy,Tile:7,Tile:8,Tile:10,Tile:0,Tile:8,Destroy,Tile:6,Map,Tile:10,Tile:9,Tile:9-Tile:0,Tile:5,Tile:9,Tile:0,Tile:7,Bonus,Tile:7-Bonus,Map,Tile:14,Destroy,Tile:6,Tile:8,Tile:5-Tile:hidden1,Tile:hidden2,Tile:nugget
Tile:0 6 5 1
Map 12 5 0
Tile:0 7 5 1
Tile:14 8 5 0
Map 12 3 1
Destroy 8 5 0
Tile:8 8 5 1
Tile:15 5 4 0
Tile:0 9 5 1
Tile:8 8 4 0
Tile:6 10 5 1
Tile:5_flip 11 5 0
Drop 0 0 1
Drop 0 0 0
Drop 0 0 1
Tile:6_flip 4 5 0
Drop 6 0 1
Tile:9 5 3 0
Drop 6 0 1
Tile:6 6 3 0
Drop 0 0 1
Tile:5 5 2 0
Drop 1 0 1
Map 12 7 0
Drop 2 0 1
Drop 2 0 0
Drop 6 0 1
Tile:13 5 6 0
Drop 2 0 1
Tile:7 6 2 0
Drop 6 0 1
Drop 3 0 0
Drop 2 0 1
Destroy 5 2 0
Drop 2 0 1
Malus 0 0 0
Bonus 0 0 1
Tile:8 10 4 0
Drop 1 0 1
Map 12 7 0
Drop 1 0 1
Tile:1 9 4 0
Drop 1 0 1
Tile:0 6 6 0
Drop 1 0 1
Drop 3 0 0
Drop 1 0 1
Tile:9 5 2 0
Drop 1 0 1
Destroy 6 6 0
Drop 1 0 1
Drop 0 0 0
Drop 1 0 1
Drop 0 0 0
Drop 0 0 1
GAMEOVER DRAW
# Game ended: Mon Apr 13 20:24:24 EDT 2020
