# Server version 0.08 running on 192.168.2.246:8123
# Game ID: 91
# Board class: Saboteur.SaboteurBoard
# Timeout: 20000
# First Move Timeout: 30000
# Date: Mon Apr 13 20:24:43 EDT 2020
# Player 1: Player-0, 'RandomPlayer', running on 127.0.0.1
# Player 2: Player-1, '260746982', running on 127.0.0.1
START Player-0 RandomPlayer
START Player-1 260746982
BoardInit:Tile:9,Tile:14,Tile:2,Tile:6,Tile:9,Bonus,Tile:9,Tile:15,Map,Tile:8,Tile:7,Tile:7,Tile:5,Bonus,Destroy,Destroy,Tile:3,Bonus,Tile:0,Tile:6,Tile:6,Map,Tile:11,Tile:6,Tile:7,Tile:5,Tile:8,Tile:6,Map,Tile:13,Tile:7,Tile:8,Tile:5,Tile:9,Tile:10,Tile:0,Tile:8,Destroy,Map,Tile:12,Tile:4-Tile:9,Tile:1,Malus,Map,Tile:10,Tile:0,Tile:8-Tile:10,Malus,Tile:5,Map,Bonus,Tile:0,Tile:7-Tile:hidden2,Tile:hidden1,Tile:nugget
Tile:0 6 5 1
Tile:0 7 5 0
Tile:8 8 5 1
Tile:5_flip 8 6 0
Tile:9_flip 9 5 1
Tile:14_flip 7 6 0
Malus 0 0 1
Drop 1 0 0
Tile:9 9 6 1
Drop 6 0 0
Tile:9_flip 10 6 1
Map 12 3 0
Tile:9 10 5 1
Drop 3 0 0
Tile:5_flip 11 5 1
Bonus 0 0 0
Map 12 3 1
Destroy 7 5 0
Tile:1 7 5 1
Tile:10 5 4 0
Map 12 7 1
Tile:6 5 6 0
Drop 1 0 1
Tile:7_flip 9 7 0
Drop 3 0 1
Tile:8 10 4 0
Drop 5 0 1
Tile:6 7 7 0
Drop 0 0 1
Tile:7 8 4 0
Drop 6 0 1
Tile:13 6 7 0
Drop 0 0 1
Tile:6_flip 5 7 0
Drop 0 0 1
Tile:8 10 7 0
Drop 0 0 1
Tile:5_flip 11 7 0
Drop 0 0 1
Destroy 10 4 0
Drop 6 0 1
Tile:9_flip 11 4 0
Drop 6 0 1
Tile:0 4 5 0
Drop 0 0 1
Tile:12_flip 4 7 0
Drop 0 0 1
Drop 3 0 0
Drop 0 0 1
Drop 2 0 0
Drop 0 0 1
Drop 0 0 0
Drop 0 0 1
Drop 0 0 0
Drop 0 0 1
GAMEOVER DRAW
# Game ended: Mon Apr 13 20:24:44 EDT 2020
