# Server version 0.08 running on 192.168.2.246:8123
# Game ID: 129
# Board class: Saboteur.SaboteurBoard
# Timeout: 20000
# First Move Timeout: 30000
# Date: Wed Apr 15 23:04:07 EDT 2020
# Player 1: Player-0, '260746982', running on 192.168.2.246
# Player 2: Player-1, 'Human', running on 192.168.2.246
START Player-0 260746982
START Player-1 Human
BoardInit:Malus,Destroy,Bonus,Tile:4,Tile:8,Tile:10,Tile:6,Tile:15,Destroy,Tile:9,Tile:7,Tile:0,Map,Map,Tile:8,Tile:1,Tile:7,Tile:10,Tile:3,Tile:9,Tile:7,Map,Tile:13,Tile:14,Tile:5,Tile:9,Tile:7,Tile:0,Bonus,Tile:5,Map,Tile:0,Destroy,Tile:6,Bonus,Tile:6,Tile:6,Tile:9,Tile:8,Malus,Map-Tile:5,Bonus,Tile:8,Tile:0,Tile:7,Map,Tile:12-Tile:8,Tile:2,Tile:9,Tile:5,Tile:11,Tile:10,Tile:6-Tile:nugget,Tile:hidden1,Tile:hidden2
Tile:8 6 5 1
Tile:8 7 5 0
Map 12 7 1
Tile:6 8 5 0
Tile:7 9 5 1
Tile:9 9 6 0
Tile:8 9 7 1
Tile:5_flip 10 6 0
Tile:0 10 7 1
Tile:10 10 5 0
Destroy 9 6 1
Drop 0 0 0
Tile:7 10 4 1
Drop 0 0 0
Malus 0 0 1
Map 12 3 0
Map 12 5 1
Drop 1 0 0
Tile:7_flip 9 4 1
Drop 2 0 0
Tile:8 9 6 1
Drop 4 0 0
Tile:3 9 3 1
Drop 6 0 0
Tile:6 11 7 1
Drop 6 0 0
Tile:5 11 6 1
Drop 0 0 0
Tile:13 9 8 1
Drop 0 0 0
Tile:7 13 7 1
Drop 0 0 0
GAMEOVER USER CANCEL UNDECIDED
# Game ended: Wed Apr 15 23:05:39 EDT 2020
