# Server version 0.08 running on 192.168.2.246:8123
# Game ID: 89
# Board class: Saboteur.SaboteurBoard
# Timeout: 20000
# First Move Timeout: 30000
# Date: Mon Apr 13 20:24:40 EDT 2020
# Player 1: Player-0, 'RandomPlayer', running on 127.0.0.1
# Player 2: Player-1, '260746982', running on 127.0.0.1
START Player-0 RandomPlayer
START Player-1 260746982
BoardInit:Bonus,Tile:8,Destroy,Malus,Bonus,Tile:9,Tile:9,Tile:10,Tile:6,Tile:9,Tile:14,Tile:9,Tile:10,Map,Destroy,Tile:8,Tile:6,Destroy,Tile:5,Tile:5,Malus,Map,Map,Tile:6,Tile:6,Tile:15,Tile:1,Tile:0,Tile:0,Tile:5,Bonus,Tile:6,Tile:5,Tile:12,Tile:0,Tile:11,Tile:7,Tile:8,Tile:7,Tile:7,Map-Tile:7,Map,Bonus,Tile:0,Tile:10,Tile:13,Tile:7-Tile:4,Tile:3,Map,Tile:2,Tile:9,Tile:8,Tile:8-Tile:nugget,Tile:hidden2,Tile:hidden1
Tile:0 6 5 1
Tile:9 5 6 0
Tile:7 7 5 1
Tile:2_flip 7 6 0
Map 12 3 1
Map 12 7 0
Drop 2 0 1
Malus 0 0 0
Bonus 0 0 1
Tile:3 5 4 0
Drop 0 0 1
Drop 2 0 0
Drop 6 0 1
Tile:8 4 4 0
Drop 0 0 1
Tile:9_flip 5 7 0
Drop 1 0 1
Tile:8 3 4 0
Drop 2 0 1
Destroy 5 6 0
Drop 2 0 1
Tile:9 4 5 0
Malus 0 0 1
Drop 1 0 0
Drop 6 0 1
Map 12 7 0
Drop 2 0 1
Drop 3 0 0
Drop 6 0 1
Drop 4 0 0
Drop 2 0 1
Map 12 3 0
Drop 2 0 1
Drop 6 0 0
Drop 2 0 1
Drop 3 0 0
Drop 2 0 1
Drop 3 0 0
Drop 2 0 1
Drop 6 0 0
Drop 3 0 1
Drop 2 0 0
Drop 6 0 1
Drop 1 0 0
Drop 3 0 1
Drop 3 0 0
Drop 3 0 1
Drop 0 0 0
Drop 3 0 1
Drop 2 0 0
Drop 0 0 1
Drop 0 0 0
Drop 0 0 1
Drop 0 0 0
Drop 0 0 1
GAMEOVER DRAW
# Game ended: Mon Apr 13 20:24:40 EDT 2020
