# Server version 0.08 running on 192.168.2.246:8123
# Game ID: 108
# Board class: Saboteur.SaboteurBoard
# Timeout: 20000
# First Move Timeout: 30000
# Date: Mon Apr 13 20:25:07 EDT 2020
# Player 1: Player-0, '260746982', running on 127.0.0.1
# Player 2: Player-1, 'RandomPlayer', running on 127.0.0.1
START Player-0 260746982
START Player-1 RandomPlayer
BoardInit:Tile:8,Tile:9,Tile:0,Tile:9,Map,Malus,Bonus,Tile:3,Bonus,Tile:8,Destroy,Tile:6,Tile:6,Tile:11,Destroy,Tile:10,Tile:5,Tile:0,Malus,Tile:0,Map,Tile:6,Bonus,Tile:9,Map,Tile:8,Map,Tile:5,Map,Tile:7,Tile:7,Tile:2,Tile:15,Tile:1,Tile:12,Map,Tile:13,Tile:6,Tile:7,Tile:8,Tile:5-Tile:5,Tile:4,Tile:6,Tile:8,Tile:10,Tile:9,Tile:14-Tile:7,Tile:7,Destroy,Tile:9,Bonus,Tile:0,Tile:10-Tile:hidden2,Tile:hidden1,Tile:nugget
Tile:6_flip 6 5 1
Tile:0 7 5 0
Tile:8 5 4 1
Tile:7 8 5 0
Tile:5 4 5 1
Tile:7_flip 8 6 0
Tile:14 4 6 1
Tile:9_flip 9 6 0
Map 12 5 1
Tile:9 9 5 0
Tile:9 5 3 1
Malus 0 0 0
Drop 1 0 1
Tile:8 10 5 0
Destroy 10 5 1
Tile:6 10 5 0
Destroy 10 5 1
Tile:9_flip 10 5 0
Drop 2 0 1
Drop 3 0 0
Malus 0 0 1
Bonus 0 0 0
Drop 5 0 1
Tile:6_flip 10 4 0
Map 12 3 1
Tile:0 11 4 0
Drop 0 0 1
Tile:9_flip 12 4 0
Drop 2 0 1
Tile:10 12 6 0
GAMEOVER WINNER 0
# Game ended: Mon Apr 13 20:25:08 EDT 2020
