# Server version 0.08 running on 192.168.2.246:8123
# Game ID: 83
# Board class: Saboteur.SaboteurBoard
# Timeout: 20000
# First Move Timeout: 30000
# Date: Mon Apr 13 20:24:32 EDT 2020
# Player 1: Player-0, 'RandomPlayer', running on 127.0.0.1
# Player 2: Player-1, '260746982', running on 127.0.0.1
START Player-0 RandomPlayer
START Player-1 260746982
BoardInit:Destroy,Tile:6,Tile:10,Tile:11,Tile:7,Map,Malus,Tile:0,Tile:8,Tile:7,Tile:12,Tile:9,Tile:7,Bonus,Bonus,Tile:15,Tile:6,Tile:9,Tile:6,Tile:9,Tile:5,Tile:5,Destroy,Map,Tile:1,Destroy,Tile:0,Tile:6,Tile:9,Malus,Tile:10,Tile:10,Tile:9,Tile:8,Bonus,Tile:8,Tile:5,Map,Tile:13,Tile:14,Tile:7-Tile:4,Map,Tile:3,Tile:0,Map,Map,Bonus-Tile:8,Tile:6,Tile:5,Tile:0,Tile:2,Tile:8,Tile:7-Tile:hidden2,Tile:hidden1,Tile:nugget
Tile:0 6 5 1
Tile:6_flip 7 5 0
Tile:3 8 5 1
Tile:0 4 5 0
Map 12 3 1
Tile:11 7 6 0
Map 12 7 1
Drop 6 0 0
Drop 1 0 1
Tile:6_flip 5 4 0
Drop 0 0 1
Tile:8 8 6 0
Malus 0 0 1
Drop 0 0 0
Drop 5 0 1
Drop 5 0 0
Drop 1 0 1
Drop 1 0 0
Drop 1 0 1
Drop 3 0 0
Drop 1 0 1
Drop 2 0 0
Drop 1 0 1
Drop 3 0 0
Drop 1 0 1
Drop 5 0 0
Drop 6 0 1
Drop 5 0 0
Drop 2 0 1
Destroy 8 6 0
Drop 2 0 1
Drop 4 0 0
Drop 2 0 1
Drop 6 0 0
Drop 2 0 1
Drop 4 0 0
Drop 2 0 1
Drop 3 0 0
Drop 2 0 1
Map 12 5 0
Drop 6 0 1
Drop 4 0 0
Drop 2 0 1
Drop 4 0 0
Drop 2 0 1
Drop 3 0 0
Drop 3 0 1
Drop 1 0 0
Drop 3 0 1
Bonus 0 0 0
Drop 0 0 1
Tile:2_flip 7 7 0
Drop 0 0 1
Tile:14_flip 3 5 0
Drop 0 0 1
GAMEOVER DRAW
# Game ended: Mon Apr 13 20:24:32 EDT 2020
