# Server version 0.08 running on 192.168.2.246:8123
# Game ID: 148
# Board class: Saboteur.SaboteurBoard
# Timeout: 20000
# First Move Timeout: 30000
# Date: Wed Apr 15 23:46:56 EDT 2020
# Player 1: Player-0, '260746982', running on 192.168.2.246
# Player 2: Player-1, '260746982', running on 192.168.2.246
START Player-0 260746982
START Player-1 260746982
BoardInit:Tile:10,Map,Tile:13,Map,Tile:6,Tile:7,Tile:9,Tile:10,Tile:1,Tile:0,Tile:8,Tile:0,Map,Tile:14,Tile:5,Tile:0,Bonus,Map,Tile:5,Tile:15,Tile:9,Tile:2,Tile:3,Bonus,Tile:12,Destroy,Tile:7,Tile:9,Tile:5,Tile:7,Destroy,Destroy,Bonus,Map,Malus,Tile:10,Map,Tile:6,Tile:8,Tile:9,Tile:6-Tile:7,Tile:8,Tile:8,Bonus,Tile:5,Tile:0,Tile:7-Tile:6,Malus,Tile:9,Tile:11,Tile:6,Tile:8,Tile:4-Tile:hidden2,Tile:hidden1,Tile:nugget
Tile:8 6 5 1
Tile:6 7 5 0
Tile:8 8 5 1
Tile:6 9 5 0
Drop 6 0 1
Malus 0 0 0
Bonus 0 0 1
Map 12 3 0
Drop 0 0 1
Map 12 7 0
Drop 6 0 1
Tile:9_flip 10 5 0
Tile:5 10 4 1
Tile:8 10 6 0
Map 12 3 1
Drop 0 0 0
Drop 0 0 1
Drop 0 0 0
Drop 0 0 1
Drop 6 0 0
Drop 0 0 1
Drop 4 0 0
Drop 0 0 1
Drop 5 0 0
Drop 6 0 1
Drop 5 0 0
Drop 6 0 1
Drop 0 0 0
Drop 0 0 1
Drop 0 0 0
Drop 0 0 1
Drop 0 0 0
Drop 0 0 1
Drop 0 0 0
Drop 0 0 1
Drop 6 0 0
Malus 0 0 1
Bonus 0 0 0
Map 12 7 1
Drop 0 0 0
Drop 0 0 1
Drop 0 0 0
Drop 0 0 1
Drop 0 0 0
Drop 0 0 1
Drop 0 0 0
Drop 0 0 1
Drop 0 0 0
Drop 0 0 1
Drop 0 0 0
Drop 0 0 1
Drop 0 0 0
Drop 0 0 1
Drop 0 0 0
Drop 0 0 1
GAMEOVER DRAW
# Game ended: Wed Apr 15 23:47:00 EDT 2020
