# Server version 0.08 running on 192.168.2.246:8123
# Game ID: 30
# Board class: Saboteur.SaboteurBoard
# Timeout: 20000
# First Move Timeout: 30000
# Date: Mon Apr 13 15:18:03 EDT 2020
# Player 1: Player-0, '260746982', running on 192.168.2.246
# Player 2: Player-1, 'Human', running on 192.168.2.246
START Player-0 260746982
START Player-1 Human
BoardInit:Tile:12,Map,Tile:9,Tile:8,Tile:11,Tile:10,Tile:0,Destroy,Tile:0,Malus,Tile:8,Map,Tile:8,Tile:6,Tile:8,Tile:8,Tile:4,Tile:2,Malus,Tile:10,Destroy,Tile:14,Tile:10,Tile:13,Tile:6,Tile:0,Tile:7,Tile:6,Bonus,Map,Tile:9,Tile:6,Tile:7,Tile:9,Bonus,Bonus,Map,Tile:9,Tile:0,Tile:7,Tile:9-Tile:6,Tile:5,Bonus,Map,Tile:5,Tile:5,Tile:1-Destroy,Map,Tile:7,Tile:7,Tile:15,Tile:5,Tile:3-Tile:hidden1,Tile:hidden2,Tile:nugget
Tile:6 6 5 1
Tile:3 5 4 0
Drop 5 0 1
Tile:7_flip 4 4 0
Drop 5 0 1
Destroy 6 5 0
Drop 6 0 1
Tile:7_flip 5 6 0
Tile:0 6 5 1
Tile:5 4 5 0
Map 12 5 1
Drop 4 0 0
Tile:0 7 5 1
Drop 0 0 0
Tile:8 8 5 1
Map 12 7 0
Tile:8 9 5 1
Tile:15 9 4 0
Tile:8 10 5 1
Tile:8 8 6 0
Tile:4 10 4 1
Drop 3 0 0
Tile:9 10 6 1
Destroy 5 6 0
Malus 0 0 1
Drop 5 0 0
Tile:6 11 5 1
Drop 3 0 0
GAMEOVER USER CANCEL UNDECIDED
# Game ended: Mon Apr 13 15:20:29 EDT 2020
