# Server version 0.08 running on 192.168.2.246:8123
# Game ID: 31
# Board class: Saboteur.SaboteurBoard
# Timeout: 20000
# First Move Timeout: 30000
# Date: Mon Apr 13 15:20:35 EDT 2020
# Player 1: Player-0, '260746982', running on 192.168.2.246
# Player 2: Player-1, 'Human', running on 192.168.2.246
START Player-0 260746982
START Player-1 Human
BoardInit:Tile:0,Tile:0,Bonus,Malus,Tile:8,Tile:13,Destroy,Tile:11,Tile:8,Map,Tile:6,Tile:4,Tile:10,Tile:6,Tile:9,Tile:1,Tile:5,Map,Tile:7,Map,Tile:6,Tile:9,Map,Destroy,Tile:15,Tile:7,Tile:14,Tile:0,Malus,Tile:6,Tile:8,Tile:5,Tile:6,Tile:2,Tile:7,Tile:10,Tile:8,Map,Tile:5,Tile:10,Bonus-Destroy,Map,Bonus,Tile:9,Tile:9,Tile:7,Tile:0-Tile:5,Tile:3,Tile:9,Tile:8,Tile:7,Bonus,Tile:12-Tile:hidden2,Tile:nugget,Tile:hidden1
Tile:0 6 5 1
Tile:7_flip 5 6 0
Tile:0 7 5 1
Tile:5 5 4 0
Tile:7 8 5 1
Tile:3_flip 4 5 0
Tile:8 8 6 1
Tile:9_flip 4 4 0
Map 12 7 1
Tile:0 7 6 0
Tile:8 9 6 1
Tile:8 10 6 0
Tile:9_flip 11 6 1
Tile:11 10 7 0
Tile:6 11 7 1
Tile:6 10 8 0
Drop 0 0 1
Drop 5 0 0
