# Server version 0.08 running on 192.168.2.246:8123
# Game ID: 102
# Board class: Saboteur.SaboteurBoard
# Timeout: 20000
# First Move Timeout: 30000
# Date: Mon Apr 13 20:24:59 EDT 2020
# Player 1: Player-0, '260746982', running on 127.0.0.1
# Player 2: Player-1, 'RandomPlayer', running on 127.0.0.1
START Player-0 260746982
START Player-1 RandomPlayer
BoardInit:Destroy,Tile:9,Tile:8,Tile:8,Tile:0,Tile:8,Tile:8,Tile:10,Tile:9,Tile:10,Map,Tile:0,Tile:9,Destroy,Malus,Map,Tile:15,Tile:12,Tile:10,Tile:7,Bonus,Tile:7,Tile:14,Tile:6,Tile:3,Tile:7,Map,Tile:5,Tile:0,Tile:13,Tile:6,Malus,Tile:2,Tile:8,Tile:1,Tile:7,Tile:5,Tile:7,Tile:11,Map,Tile:0-Map,Tile:4,Bonus,Tile:9,Bonus,Destroy,Map-Tile:9,Tile:5,Tile:6,Tile:6,Bonus,Tile:6,Tile:5-Tile:hidden1,Tile:hidden2,Tile:nugget
Tile:9_flip 6 5 1
Tile:9 6 4 0
Drop 5 0 1
Tile:6 7 4 0
Destroy 7 4 1
Tile:6 7 4 0
Tile:8 7 3 1
Tile:6 8 4 0
Tile:0 9 4 1
Tile:8 10 4 0
Tile:9_flip 11 4 1
Tile:5 11 3 0
Tile:8 13 3 1
Tile:9 11 5 0
Drop 3 0 1
Tile:8 12 6 0
GAMEOVER WINNER 0
# Game ended: Mon Apr 13 20:24:59 EDT 2020
