# Server version 0.08 running on 192.168.2.246:8123
# Game ID: 104
# Board class: Saboteur.SaboteurBoard
# Timeout: 20000
# First Move Timeout: 30000
# Date: Mon Apr 13 20:25:02 EDT 2020
# Player 1: Player-0, '260746982', running on 127.0.0.1
# Player 2: Player-1, 'RandomPlayer', running on 127.0.0.1
START Player-0 260746982
START Player-1 RandomPlayer
BoardInit:Tile:3,Tile:10,Tile:7,Tile:12,Tile:7,Destroy,Destroy,Tile:6,Tile:10,Tile:0,Tile:8,Tile:11,Tile:10,Destroy,Tile:9,Bonus,Tile:6,Tile:6,Malus,Tile:5,Map,Tile:5,Tile:8,Map,Map,Tile:7,Map,Tile:4,Map,Tile:2,Tile:5,Bonus,Tile:7,Tile:9,Tile:9,Tile:0,Tile:1,Tile:8,Map,Tile:6,Malus-Tile:0,Tile:8,Tile:8,Tile:5,Tile:0,Tile:7,Bonus-Tile:9,Tile:6,Tile:13,Tile:15,Tile:14,Bonus,Tile:9-Tile:nugget,Tile:hidden1,Tile:hidden2
Tile:8 5 6 1
Tile:6 6 5 0
Tile:0 4 5 1
Tile:9_flip 7 5 0
Tile:0 3 5 1
Tile:9 7 4 0
Tile:8 8 4 1
Tile:13 9 4 0
Tile:7 10 4 1
Drop 0 0 0
Destroy 7 4 1
Tile:6 7 6 0
Drop 0 0 1
Tile:0 8 6 0
Drop 3 0 1
Tile:14 9 6 0
Tile:3_flip 5 7 1
Drop 2 0 0
Tile:6_flip 5 4 1
Drop 3 0 0
Tile:7 6 4 1
Drop 1 0 0
Tile:8 9 5 1
Drop 1 0 0
Drop 0 0 1
Map 12 3 0
Tile:8 8 3 1
Drop 1 0 0
Map 12 3 1
Drop 6 0 0
Drop 2 0 1
Drop 6 0 0
Tile:5_flip 6 7 1
Drop 2 0 0
Map 12 3 1
Drop 2 0 0
Drop 6 0 1
Drop 2 0 0
Tile:1 4 6 1
Drop 2 0 0
Tile:7 8 2 1
Drop 3 0 0
Map 12 3 1
Drop 3 0 0
Drop 4 0 1
Drop 3 0 0
Map 12 5 1
Drop 3 0 0
Drop 0 0 1
Drop 0 0 0
Drop 0 0 1
Drop 0 0 0
Drop 0 0 1
Drop 0 0 0
Malus 0 0 1
GAMEOVER DRAW
# Game ended: Mon Apr 13 20:25:02 EDT 2020
