# Server version 0.08 running on 192.168.2.246:8123
# Game ID: 147
# Board class: Saboteur.SaboteurBoard
# Timeout: 20000
# First Move Timeout: 30000
# Date: Wed Apr 15 23:46:43 EDT 2020
# Player 1: Player-0, '260746982', running on 192.168.2.246
# Player 2: Player-1, '260746982', running on 192.168.2.246
START Player-0 260746982
START Player-1 260746982
BoardInit:Tile:7,Tile:11,Tile:7,Tile:6,Tile:0,Tile:15,Tile:9,Tile:7,Bonus,Tile:12,Tile:9,Tile:14,Bonus,Tile:8,Tile:8,Tile:9,Map,Tile:10,Malus,Tile:10,Tile:0,Tile:5,Tile:8,Tile:5,Tile:8,Tile:0,Tile:5,Tile:7,Tile:1,Tile:3,Bonus,Tile:13,Map,Malus,Tile:7,Map,Tile:6,Tile:9,Destroy,Tile:5,Tile:6-Map,Map,Destroy,Tile:8,Destroy,Tile:6,Tile:6-Map,Tile:9,Tile:10,Tile:4,Tile:0,Tile:2,Bonus-Tile:nugget,Tile:hidden1,Tile:hidden2
Tile:8 6 5 1
Tile:0 7 5 0
Tile:6 8 5 1
Tile:9_flip 9 5 0
Tile:6 9 6 1
Tile:6 10 6 0
Map 12 3 1
Tile:2 11 6 0
Tile:9 10 5 1
Tile:10 5 4 0
Drop 0 0 1
Tile:12 11 5 0
Tile:9 10 4 1
Tile:4 5 3 0
Drop 0 0 1
Tile:11 6 4 0
Drop 0 0 1
Tile:7 8 4 0
Drop 6 0 1
Tile:14 5 6 0
Malus 0 0 1
Bonus 0 0 0
Drop 0 0 1
Tile:8 4 5 0
Drop 0 0 1
Tile:9 4 6 0
Drop 0 0 1
Tile:10 4 4 0
Drop 0 0 1
Tile:10 4 3 0
Drop 6 0 1
Tile:5 4 2 0
Drop 0 0 1
Tile:5 3 5 0
Drop 6 0 1
Tile:0 5 2 0
Drop 0 0 1
Tile:7 6 2 0
Drop 0 0 1
Tile:3 10 3 0
Drop 0 0 1
Tile:13 4 7 0
Drop 0 0 1
Tile:9 4 8 0
Drop 0 0 1
Tile:5 3 7 0
Drop 0 0 1
Map 12 3 0
Drop 0 0 1
Drop 2 0 0
Drop 0 0 1
Drop 0 0 0
Drop 0 0 1
Malus 0 0 0
Drop 0 0 1
GAMEOVER DRAW
# Game ended: Wed Apr 15 23:46:50 EDT 2020
