# Server version 0.08 running on 192.168.2.246:8123
# Game ID: 95
# Board class: Saboteur.SaboteurBoard
# Timeout: 20000
# First Move Timeout: 30000
# Date: Mon Apr 13 20:24:50 EDT 2020
# Player 1: Player-0, 'RandomPlayer', running on 127.0.0.1
# Player 2: Player-1, '260746982', running on 127.0.0.1
START Player-0 RandomPlayer
START Player-1 260746982
BoardInit:Tile:8,Tile:7,Tile:15,Tile:0,Tile:8,Map,Tile:6,Tile:8,Tile:1,Tile:0,Tile:2,Tile:7,Destroy,Tile:0,Tile:9,Tile:8,Tile:7,Tile:0,Destroy,Tile:13,Tile:9,Tile:10,Tile:10,Tile:3,Tile:10,Tile:9,Map,Tile:6,Tile:9,Tile:14,Tile:5,Tile:11,Malus,Map,Map,Tile:5,Bonus,Map,Tile:4,Malus,Tile:9-Tile:5,Bonus,Tile:7,Tile:8,Tile:5,Tile:6,Tile:7-Tile:12,Destroy,Map,Tile:6,Bonus,Tile:6,Bonus-Tile:hidden1,Tile:hidden2,Tile:nugget
Tile:8 6 5 1
Tile:12_flip 4 5 0
Tile:6 7 5 1
Tile:6_flip 5 4 0
Tile:8 8 5 1
Tile:7 6 4 0
Tile:8 9 5 1
Drop 2 0 0
Tile:6 10 5 1
Tile:6_flip 10 4 0
Tile:5_flip 11 5 1
Tile:8 11 4 0
Tile:7 12 4 1
Drop 2 0 0
Tile:5 11 3 1
Drop 5 0 0
Tile:9 12 6 1
GAMEOVER WINNER 1
# Game ended: Mon Apr 13 20:24:50 EDT 2020
