# Server version 0.08 running on 192.168.2.246:8123
# Game ID: 140
# Board class: Saboteur.SaboteurBoard
# Timeout: 20000
# First Move Timeout: 30000
# Date: Wed Apr 15 23:40:53 EDT 2020
# Player 1: Player-0, '260746982', running on 192.168.2.246
# Player 2: Player-1, 'Human', running on 192.168.2.246
START Player-0 260746982
START Player-1 Human
BoardInit:Tile:0,Map,Tile:7,Tile:6,Tile:7,Tile:8,Destroy,Tile:8,Tile:6,Tile:9,Bonus,Tile:7,Tile:8,Map,Tile:14,Tile:13,Tile:10,Tile:12,Tile:11,Tile:5,Tile:6,Tile:7,Map,Map,Tile:0,Tile:9,Destroy,Tile:5,Tile:9,Tile:8,Map,Tile:1,Tile:9,Tile:8,Tile:6,Tile:0,Tile:9,Tile:4,Tile:10,Destroy,Tile:10-Tile:15,Map,Tile:7,Tile:5,Bonus,Tile:5,Bonus-Tile:0,Bonus,Tile:6,Malus,Tile:2,Malus,Tile:3-Tile:hidden1,Tile:hidden2,Tile:nugget
Tile:7 6 5 1
Tile:6 6 6 0
Tile:0 7 6 1
Tile:0 8 6 0
Tile:7 9 6 1
Map 12 3 0
Tile:5_flip 9 7 1
Drop 2 0 0
Tile:5 8 7 1
Drop 3 0 0
Tile:7_flip 8 8 1
Malus 0 0 0
Bonus 0 0 1
Malus 0 0 0
GAMEOVER USER CANCEL UNDECIDED
# Game ended: Wed Apr 15 23:42:41 EDT 2020
