# Server version 0.08 running on 192.168.2.246:8123
# Game ID: 127
# Board class: Saboteur.SaboteurBoard
# Timeout: 20000
# First Move Timeout: 30000
# Date: Wed Apr 15 22:53:21 EDT 2020
# Player 1: Player-0, '260746982', running on 192.168.2.246
# Player 2: Player-1, 'Human', running on 192.168.2.246
START Player-0 260746982
START Player-1 Human
BoardInit:Tile:10,Tile:0,Tile:9,Tile:8,Tile:12,Tile:13,Bonus,Map,Tile:8,Tile:10,Tile:0,Tile:7,Tile:5,Destroy,Tile:9,Map,Map,Tile:3,Tile:5,Tile:7,Malus,Tile:10,Map,Bonus,Bonus,Tile:5,Destroy,Tile:1,Tile:9,Tile:8,Tile:8,Malus,Map,Bonus,Tile:8,Tile:5,Tile:15,Tile:2,Tile:9,Tile:14,Tile:6-Tile:4,Map,Tile:7,Tile:6,Tile:9,Tile:6,Tile:7-Tile:7,Tile:11,Tile:6,Tile:6,Tile:0,Destroy,Tile:0-Tile:nugget,Tile:hidden1,Tile:hidden2
Tile:6 6 5 1
Tile:6 7 5 0
Tile:7 8 5 1
Tile:7_flip 8 6 0
Tile:6 9 6 1
Tile:6 10 6 0
Tile:9 9 5 1
Drop 0 0 0
Map 12 7 1
Map 12 3 0
Drop 4 0 1
Tile:8 10 5 0
Drop 0 0 1
Tile:0 11 5 0
Tile:8 12 4 1
GAMEOVER WINNER 1
# Game ended: Wed Apr 15 22:53:44 EDT 2020
