# Server version 0.08 running on 192.168.2.246:8123
# Game ID: 84
# Board class: Saboteur.SaboteurBoard
# Timeout: 20000
# First Move Timeout: 30000
# Date: Mon Apr 13 20:24:33 EDT 2020
# Player 1: Player-0, '260746982', running on 127.0.0.1
# Player 2: Player-1, 'RandomPlayer', running on 127.0.0.1
START Player-0 260746982
START Player-1 RandomPlayer
BoardInit:Malus,Map,Tile:0,Tile:6,Tile:9,Tile:7,Tile:0,Tile:8,Bonus,Malus,Bonus,Tile:9,Tile:3,Tile:5,Tile:12,Destroy,Tile:13,Destroy,Tile:4,Tile:7,Tile:6,Map,Tile:6,Tile:9,Tile:6,Tile:0,Tile:7,Tile:5,Tile:8,Tile:2,Tile:5,Tile:10,Tile:11,Map,Tile:9,Tile:5,Tile:7,Destroy,Tile:1,Tile:9,Tile:8-Bonus,Tile:8,Tile:15,Tile:10,Tile:6,Bonus,Tile:0-Tile:10,Map,Map,Tile:7,Tile:8,Map,Tile:14-Tile:hidden2,Tile:hidden1,Tile:nugget
Tile:6_flip 5 4 1
Tile:8 6 5 0
Drop 5 0 1
Tile:7 7 5 0
Tile:15 5 6 1
Tile:6 7 6 0
Tile:8 8 6 1
Tile:7 9 6 0
Drop 0 0 1
Map 12 3 0
Tile:10 8 7 1
Malus 0 0 0
Drop 6 0 1
Tile:9 9 7 0
Bonus 0 0 1
Tile:8 10 7 0
Tile:0 4 4 1
Tile:5_flip 11 7 0
Tile:9 5 7 1
Tile:10 11 6 0
Tile:0 3 4 1
Map 12 7 0
Tile:13 6 4 1
Drop 0 0 0
Drop 4 0 1
Drop 1 0 0
Tile:6_flip 6 7 1
Drop 4 0 0
Tile:6 2 4 1
Drop 0 0 0
Malus 0 0 1
Destroy 11 6 0
Tile:6 8 8 1
Drop 5 0 0
Tile:11 7 8 1
Drop 6 0 0
Tile:7 7 7 1
Drop 0 0 0
Tile:9_flip 9 8 1
Drop 0 0 0
Drop 0 0 1
Drop 0 0 0
Tile:7 6 3 1
Drop 0 0 0
Drop 2 0 1
Drop 0 0 0
Tile:8 7 9 1
Drop 0 0 0
Tile:3 2 3 1
Drop 0 0 0
Tile:5 1 4 1
Drop 0 0 0
Tile:1 4 5 1
Drop 0 0 0
Tile:12 8 9 1
GAMEOVER DRAW
# Game ended: Mon Apr 13 20:24:33 EDT 2020
