# Server version 0.08 running on 192.168.2.246:8123
# Game ID: 135
# Board class: Saboteur.SaboteurBoard
# Timeout: 20000
# First Move Timeout: 30000
# Date: Wed Apr 15 23:35:24 EDT 2020
# Player 1: Player-0, '260746982', running on 192.168.2.246
# Player 2: Player-1, 'Human', running on 192.168.2.246
START Player-0 260746982
START Player-1 Human
BoardInit:Bonus,Tile:6,Tile:2,Tile:0,Tile:6,Tile:7,Tile:8,Tile:5,Tile:11,Bonus,Tile:0,Tile:9,Tile:15,Tile:4,Bonus,Destroy,Tile:8,Destroy,Tile:1,Tile:13,Tile:10,Tile:8,Map,Bonus,Map,Tile:8,Destroy,Tile:5,Tile:9,Tile:7,Tile:7,Tile:6,Tile:5,Malus,Tile:6,Map,Tile:9,Tile:3,Tile:10,Map,Tile:10-Tile:6,Tile:5,Tile:14,Malus,Tile:7,Tile:9,Tile:7-Map,Tile:12,Tile:0,Tile:9,Map,Tile:0,Tile:8-Tile:nugget,Tile:hidden1,Tile:hidden2
Tile:7 6 5 1
Tile:9 6 6 0
Tile:7 7 6 1
Tile:8 7 7 0
Tile:6 8 7 1
Tile:0 9 7 0
Malus 0 0 1
Map 12 3 0
Tile:8 10 7 1
Drop 1 0 0
Tile:9 10 6 1
Bonus 0 0 0
Drop 1 0 1
Tile:6_flip 10 5 0
GAMEOVER USER CANCEL UNDECIDED
# Game ended: Wed Apr 15 23:35:50 EDT 2020
