# Server version 0.08 running on 192.168.2.246:8123
# Game ID: 103
# Board class: Saboteur.SaboteurBoard
# Timeout: 20000
# First Move Timeout: 30000
# Date: Mon Apr 13 20:25:01 EDT 2020
# Player 1: Player-0, 'RandomPlayer', running on 127.0.0.1
# Player 2: Player-1, '260746982', running on 127.0.0.1
START Player-0 RandomPlayer
START Player-1 260746982
BoardInit:Tile:9,Tile:0,Map,Tile:7,Bonus,Tile:9,Tile:9,Tile:5,Tile:6,Map,Malus,Tile:4,Tile:1,Map,Tile:13,Map,Tile:8,Tile:8,Tile:9,Tile:7,Tile:8,Tile:6,Tile:5,Tile:0,Tile:6,Tile:6,Destroy,Tile:8,Tile:9,Destroy,Tile:10,Tile:0,Tile:10,Tile:11,Destroy,Tile:5,Malus,Tile:8,Tile:6,Tile:7,Tile:2-Bonus,Map,Bonus,Tile:15,Map,Tile:0,Tile:12-Bonus,Tile:3,Tile:14,Tile:7,Tile:10,Tile:7,Tile:5-Tile:nugget,Tile:hidden2,Tile:hidden1
Tile:0 6 5 1
Tile:3 7 5 0
Map 12 3 1
Tile:5_flip 7 6 0
Drop 3 0 1
Tile:7_flip 4 5 0
Drop 5 0 1
Tile:9 4 4 0
Drop 2 0 1
Drop 0 0 0
Drop 2 0 1
Drop 1 0 0
Malus 0 0 1
Drop 4 0 0
Drop 6 0 1
Drop 2 0 0
Drop 6 0 1
Map 12 5 0
Drop 2 0 1
Drop 1 0 0
Drop 3 0 1
Map 12 3 0
Drop 3 0 1
Map 12 7 0
Drop 3 0 1
Drop 2 0 0
Drop 3 0 1
Drop 0 0 0
Drop 3 0 1
Drop 5 0 0
Drop 3 0 1
Destroy 4 4 0
Drop 3 0 1
Drop 6 0 0
Drop 3 0 1
Drop 3 0 0
Drop 3 0 1
Drop 3 0 0
Malus 0 0 1
Drop 6 0 0
Drop 3 0 1
Drop 2 0 0
Drop 6 0 1
Drop 1 0 0
Drop 3 0 1
Drop 3 0 0
Drop 3 0 1
Drop 0 0 0
Drop 3 0 1
Drop 2 0 0
Drop 0 0 1
Drop 0 0 0
Drop 0 0 1
Drop 0 0 0
Drop 0 0 1
GAMEOVER DRAW
# Game ended: Mon Apr 13 20:25:01 EDT 2020
