# Server version 0.08 running on 192.168.2.246:8123
# Game ID: 117
# Board class: Saboteur.SaboteurBoard
# Timeout: 20000
# First Move Timeout: 30000
# Date: Mon Apr 13 20:44:11 EDT 2020
# Player 1: Player-0, '260746982', running on 192.168.2.246
# Player 2: Player-1, 'Human', running on 192.168.2.246
START Player-0 260746982
START Player-1 Human
BoardInit:Tile:4,Bonus,Tile:10,Tile:6,Tile:11,Malus,Tile:6,Tile:9,Tile:8,Tile:7,Tile:9,Tile:15,Tile:0,Tile:9,Tile:8,Tile:2,Destroy,Destroy,Bonus,Tile:13,Tile:1,Tile:10,Tile:7,Tile:14,Map,Tile:5,Bonus,Tile:7,Tile:10,Tile:6,Tile:0,Tile:12,Map,Tile:7,Tile:0,Map,Tile:9,Tile:7,Map,Tile:5,Malus-Tile:5,Tile:8,Tile:0,Destroy,Tile:6,Tile:3,Tile:8-Map,Tile:6,Tile:5,Bonus,Tile:8,Map,Tile:9-Tile:hidden2,Tile:hidden1,Tile:nugget
Tile:6 6 5 1
Tile:6 7 5 0
Tile:8 8 5 1
Tile:8 9 5 0
Tile:8 9 6 1
Map 12 3 0
Tile:0 10 6 1
Malus 0 0 0
Drop 2 0 1
Map 12 7 0
Drop 4 0 1
Drop 0 0 0
Drop 2 0 1
Drop 6 0 0
Destroy 10 6 1
Tile:6 10 6 0
Drop 6 0 1
Drop 6 0 0
