# Server version 0.08 running on 192.168.2.246:8123
# Game ID: 71
# Board class: Saboteur.SaboteurBoard
# Timeout: 20000
# First Move Timeout: 30000
# Date: Mon Apr 13 20:20:34 EDT 2020
# Player 1: Player-0, '260746982', running on 192.168.2.246
# Player 2: Player-1, 'Human', running on 192.168.2.246
START Player-0 260746982
START Player-1 Human
BoardInit:Tile:9,Map,Tile:1,Tile:8,Tile:15,Tile:5,Tile:12,Tile:4,Tile:0,Tile:0,Tile:9,Tile:0,Tile:7,Destroy,Tile:6,Bonus,Bonus,Tile:6,Tile:0,Bonus,Map,Tile:9,Tile:9,Tile:8,Tile:8,Bonus,Tile:3,Tile:10,Tile:5,Map,Tile:10,Tile:10,Map,Tile:11,Tile:8,Tile:9,Tile:13,Tile:2,Tile:6,Tile:6,Malus-Map,Tile:7,Tile:5,Tile:14,Map,Tile:7,Destroy-Malus,Tile:5,Tile:8,Tile:7,Destroy,Tile:7,Tile:6-Tile:hidden1,Tile:hidden2,Tile:nugget
Tile:7 6 5 1
Tile:8 6 6 0
Tile:9_flip 7 6 1
Tile:5 7 5 0
Tile:7 8 5 1
Tile:7_flip 8 6 0
Drop 6 0 1
Tile:6 9 6 0
Drop 5 0 1
Tile:8 10 6 0
Drop 5 0 1
Malus 0 0 0
Map 12 5 1
Tile:0 11 6 0
Drop 1 0 1
Tile:7 12 6 0
GAMEOVER WINNER 0
# Game ended: Mon Apr 13 20:21:25 EDT 2020
