# Server version 0.08 running on 192.168.2.246:8123
# Game ID: 79
# Board class: Saboteur.SaboteurBoard
# Timeout: 20000
# First Move Timeout: 30000
# Date: Mon Apr 13 20:24:26 EDT 2020
# Player 1: Player-0, 'RandomPlayer', running on 127.0.0.1
# Player 2: Player-1, '260746982', running on 127.0.0.1
START Player-0 RandomPlayer
START Player-1 260746982
BoardInit:Tile:6,Tile:7,Tile:5,Tile:8,Map,Tile:6,Tile:9,Bonus,Tile:4,Tile:6,Tile:7,Tile:0,Tile:9,Tile:12,Tile:0,Tile:9,Malus,Map,Tile:10,Tile:1,Tile:7,Tile:7,Tile:7,Destroy,Tile:13,Tile:8,Map,Tile:5,Tile:3,Tile:6,Tile:9,Tile:2,Tile:14,Tile:6,Bonus,Destroy,Malus,Tile:5,Tile:11,Tile:10,Bonus-Tile:8,Destroy,Map,Tile:9,Map,Bonus,Tile:0-Tile:0,Tile:8,Tile:8,Tile:10,Tile:5,Map,Tile:15-Tile:hidden1,Tile:hidden2,Tile:nugget
Tile:8 6 5 1
Map 12 7 0
Tile:0 7 5 1
Tile:7 6 4 0
Tile:6 8 5 1
Tile:5 4 5 0
Tile:9_flip 9 5 1
Drop 2 0 0
Tile:5 9 4 1
Tile:6 6 6 0
Tile:9_flip 10 4 1
Tile:6_flip 10 3 0
Tile:7 11 3 1
Tile:15 4 6 0
Tile:9 11 4 1
Tile:10 11 5 0
Tile:0 12 4 1
Tile:8 9 6 0
Malus 0 0 1
Map 12 7 0
Map 12 3 1
Drop 2 0 0
Tile:7_flip 11 6 1
Drop 0 0 0
Tile:7 12 6 1
GAMEOVER WINNER 1
# Game ended: Mon Apr 13 20:24:26 EDT 2020
