# Server version 0.08 running on 192.168.2.246:8123
# Game ID: 33
# Board class: Saboteur.SaboteurBoard
# Timeout: 20000
# First Move Timeout: 30000
# Date: Mon Apr 13 15:33:16 EDT 2020
# Player 1: Player-0, '260746982', running on 192.168.2.246
# Player 2: Player-1, 'Human', running on 192.168.2.246
START Player-0 260746982
START Player-1 Human
BoardInit:Map,Tile:7,Tile:10,Tile:9,Malus,Tile:11,Map,Tile:1,Destroy,Tile:6,Tile:4,Destroy,Tile:6,Tile:6,Tile:8,Tile:5,Tile:8,Tile:7,Malus,Tile:8,Tile:5,Tile:15,Tile:3,Map,Tile:7,Map,Bonus,Tile:0,Tile:8,Tile:5,Tile:6,Tile:6,Destroy,Tile:9,Tile:8,Tile:0,Tile:5,Tile:7,Tile:10,Map,Tile:9-Tile:10,Bonus,Tile:7,Tile:12,Tile:0,Tile:9,Bonus-Tile:2,Tile:13,Bonus,Tile:0,Tile:14,Tile:9,Map-Tile:hidden2,Tile:hidden1,Tile:nugget
Tile:0 6 5 1
Tile:9_flip 5 4 0
Tile:7 7 5 1
Tile:14_flip 4 5 0
Tile:9 7 6 1
Tile:13 7 7 0
Tile:12 8 7 1
Tile:7_flip 4 4 0
Map 12 7 1
Tile:9_flip 4 3 0
Malus 0 0 1
Drop 1 0 0
Tile:4 5 3 1
Drop 4 0 0
Tile:6 8 6 1
Destroy 5 4 0
Tile:8 9 6 1
Map 12 7 0
Tile:8 10 6 1
Drop 3 0 0
