# Server version 0.08 running on 192.168.2.246:8123
# Game ID: 114
# Board class: Saboteur.SaboteurBoard
# Timeout: 20000
# First Move Timeout: 30000
# Date: Mon Apr 13 20:29:22 EDT 2020
# Player 1: Player-0, '260746982', running on 192.168.2.246
# Player 2: Player-1, 'Human', running on 192.168.2.246
START Player-0 260746982
START Player-1 Human
BoardInit:Bonus,Tile:9,Tile:7,Tile:0,Tile:6,Tile:0,Map,Map,Tile:5,Tile:9,Map,Tile:4,Malus,Tile:2,Tile:12,Tile:9,Tile:7,Bonus,Tile:8,Bonus,Malus,Tile:5,Tile:13,Tile:7,Destroy,Tile:5,Bonus,Tile:10,Tile:0,Tile:10,Tile:1,Map,Tile:6,Tile:0,Tile:5,Tile:7,Tile:14,Destroy,Tile:7,Tile:9,Tile:6-Map,Tile:10,Tile:8,Destroy,Tile:3,Tile:8,Map-Tile:11,Tile:6,Tile:9,Tile:8,Tile:15,Tile:6,Tile:8-Tile:hidden2,Tile:nugget,Tile:hidden1
Tile:8 6 5 1
Tile:6 7 5 0
Tile:8 8 5 1
Tile:8 9 5 0
Tile:10 9 6 1
Tile:6 10 5 0
Tile:6 11 5 1
GAMEOVER WINNER 1
# Game ended: Mon Apr 13 20:29:30 EDT 2020
