# Server version 0.08 running on 192.168.2.246:8123
# Game ID: 106
# Board class: Saboteur.SaboteurBoard
# Timeout: 20000
# First Move Timeout: 30000
# Date: Mon Apr 13 20:25:05 EDT 2020
# Player 1: Player-0, '260746982', running on 127.0.0.1
# Player 2: Player-1, 'RandomPlayer', running on 127.0.0.1
START Player-0 260746982
START Player-1 RandomPlayer
BoardInit:Tile:2,Tile:5,Tile:6,Tile:15,Tile:10,Tile:5,Tile:6,Tile:9,Tile:7,Tile:8,Tile:1,Tile:10,Tile:9,Tile:6,Tile:3,Tile:5,Tile:8,Destroy,Bonus,Tile:6,Tile:7,Tile:0,Tile:8,Tile:14,Bonus,Bonus,Tile:10,Map,Map,Tile:9,Tile:0,Tile:0,Tile:6,Tile:7,Tile:13,Malus,Tile:0,Map,Tile:8,Malus,Tile:5-Tile:4,Destroy,Tile:7,Bonus,Tile:8,Tile:12,Tile:9-Tile:9,Destroy,Tile:11,Tile:7,Map,Map,Map-Tile:nugget,Tile:hidden2,Tile:hidden1
Drop 2 0 1
Tile:9_flip 6 5 0
Tile:8 6 6 1
Tile:5_flip 7 6 0
Drop 1 0 1
Tile:11 7 5 0
Tile:12_flip 4 5 1
Map 12 3 0
Tile:10 5 4 1
Drop 2 0 0
Tile:6_flip 5 3 1
Drop 2 0 0
Tile:7 8 5 1
Drop 2 0 0
Tile:4 7 4 1
Drop 0 0 0
Tile:3_flip 5 6 1
Drop 0 0 0
Tile:9 8 6 1
Drop 0 0 0
Tile:2 6 3 1
Drop 0 0 0
Tile:6 7 3 1
Drop 0 0 0
Tile:8 8 7 1
Drop 6 0 0
Tile:7 7 2 1
Drop 0 0 0
Tile:9_flip 8 3 1
Drop 6 0 0
Tile:1 4 3 1
Drop 0 0 0
Tile:0 9 6 1
Drop 0 0 0
Tile:6_flip 7 7 1
Drop 0 0 0
Tile:8 10 6 1
Malus 0 0 0
Map 12 7 1
Drop 6 0 0
Drop 6 0 1
Malus 0 0 0
Drop 4 0 1
Drop 0 0 0
Drop 1 0 1
Drop 0 0 0
Drop 4 0 1
Drop 1 0 0
Drop 0 0 1
Drop 1 0 0
Drop 0 0 1
Drop 1 0 0
Drop 1 0 1
Drop 0 0 0
Drop 0 0 1
GAMEOVER DRAW
# Game ended: Mon Apr 13 20:25:05 EDT 2020
