# Server version 0.08 running on 192.168.2.246:8123
# Game ID: 98
# Board class: Saboteur.SaboteurBoard
# Timeout: 20000
# First Move Timeout: 30000
# Date: Mon Apr 13 20:24:54 EDT 2020
# Player 1: Player-0, '260746982', running on 127.0.0.1
# Player 2: Player-1, 'RandomPlayer', running on 127.0.0.1
START Player-0 260746982
START Player-1 RandomPlayer
BoardInit:Tile:0,Bonus,Tile:7,Tile:13,Tile:8,Destroy,Tile:0,Tile:1,Bonus,Tile:14,Tile:11,Map,Tile:7,Malus,Tile:10,Tile:5,Tile:9,Tile:5,Tile:6,Destroy,Tile:8,Tile:6,Tile:6,Tile:9,Tile:0,Map,Map,Tile:6,Tile:7,Tile:8,Tile:0,Tile:3,Tile:5,Tile:4,Tile:2,Tile:9,Map,Destroy,Map,Tile:8,Tile:7-Tile:5,Tile:12,Map,Malus,Tile:6,Tile:7,Tile:9-Tile:10,Tile:8,Bonus,Tile:9,Tile:15,Tile:10,Bonus-Tile:nugget,Tile:hidden2,Tile:hidden1
Tile:7_flip 4 5 1
Tile:8 6 5 0
Malus 0 0 1
Bonus 0 0 0
Tile:6 6 6 1
Tile:9_flip 7 5 0
Tile:9_flip 7 4 1
Drop 1 0 0
Tile:7_flip 5 6 1
Drop 4 0 0
Tile:5 4 4 1
Drop 5 0 0
Map 12 7 1
Map 12 3 0
Tile:11_flip 7 6 1
Tile:10 7 3 0
Drop 1 0 1
Tile:5 7 2 0
Tile:9 6 4 1
Tile:5_flip 8 2 0
Tile:10 6 3 1
Drop 4 0 0
Tile:7 5 4 1
Malus 0 0 0
Drop 5 0 1
Drop 0 0 0
Drop 0 0 1
Drop 6 0 0
Drop 6 0 1
Drop 2 0 0
Drop 1 0 1
Drop 2 0 0
Drop 4 0 1
Drop 6 0 0
Drop 0 0 1
Drop 6 0 0
Drop 4 0 1
Drop 2 0 0
Map 12 5 1
Drop 2 0 0
Drop 2 0 1
Drop 2 0 0
Map 12 7 1
Drop 2 0 0
Drop 4 0 1
Drop 2 0 0
Drop 3 0 1
Drop 2 0 0
Drop 2 0 1
Drop 2 0 0
Drop 0 0 1
Drop 1 0 0
Drop 1 0 1
Drop 0 0 0
Drop 0 0 1
GAMEOVER DRAW
# Game ended: Mon Apr 13 20:24:54 EDT 2020
