# Server version 0.08 running on 192.168.2.246:8123
# Game ID: 86
# Board class: Saboteur.SaboteurBoard
# Timeout: 20000
# First Move Timeout: 30000
# Date: Mon Apr 13 20:24:36 EDT 2020
# Player 1: Player-0, '260746982', running on 127.0.0.1
# Player 2: Player-1, 'RandomPlayer', running on 127.0.0.1
START Player-0 260746982
START Player-1 RandomPlayer
BoardInit:Map,Tile:5,Map,Tile:5,Tile:15,Tile:6,Tile:14,Tile:8,Tile:6,Tile:9,Tile:0,Tile:9,Tile:6,Tile:1,Map,Tile:6,Bonus,Tile:3,Destroy,Tile:2,Tile:7,Tile:8,Destroy,Tile:5,Tile:0,Tile:11,Tile:7,Malus,Map,Bonus,Destroy,Tile:10,Tile:5,Tile:0,Map,Tile:12,Tile:6,Tile:9,Bonus,Tile:10,Tile:10-Tile:9,Bonus,Map,Malus,Tile:7,Tile:13,Tile:4-Tile:7,Tile:7,Tile:9,Tile:8,Tile:8,Tile:0,Tile:8-Tile:nugget,Tile:hidden1,Tile:hidden2
Map 12 5 1
Tile:8 6 5 0
Malus 0 0 1
Drop 0 0 0
Tile:13 6 6 1
Drop 0 0 0
Drop 4 0 1
Drop 0 0 0
Tile:14 7 5 1
Drop 0 0 0
Map 12 3 1
Drop 0 0 0
Tile:9 5 6 1
Drop 0 0 0
Drop 5 0 1
Drop 6 0 0
Tile:6_flip 7 4 1
Drop 0 0 0
Tile:7 8 4 1
Drop 6 0 0
Tile:4_flip 6 7 1
Drop 6 0 0
Tile:6_flip 4 5 1
Drop 0 0 0
Tile:15 5 7 1
Drop 0 0 0
Destroy 7 5 1
Drop 6 0 0
Tile:7_flip 8 5 1
Malus 0 0 0
Bonus 0 0 1
Bonus 0 0 0
Map 12 7 1
Tile:9_flip 7 5 0
Destroy 6 7 1
Tile:8 9 5 0
Tile:7_flip 5 8 1
Tile:6 10 5 0
Drop 6 0 1
Tile:8 11 5 0
Destroy 5 8 1
Tile:9 12 4 0
GAMEOVER WINNER 0
# Game ended: Mon Apr 13 20:24:36 EDT 2020
