# Server version 0.08 running on 192.168.2.246:8123
# Game ID: 82
# Board class: Saboteur.SaboteurBoard
# Timeout: 20000
# First Move Timeout: 30000
# Date: Mon Apr 13 20:24:31 EDT 2020
# Player 1: Player-0, '260746982', running on 127.0.0.1
# Player 2: Player-1, 'RandomPlayer', running on 127.0.0.1
START Player-0 260746982
START Player-1 RandomPlayer
BoardInit:Tile:6,Tile:9,Tile:10,Bonus,Tile:7,Tile:8,Tile:0,Tile:3,Tile:2,Tile:7,Tile:15,Destroy,Tile:14,Tile:4,Tile:0,Tile:7,Tile:9,Tile:5,Tile:12,Tile:7,Malus,Malus,Map,Tile:5,Tile:6,Tile:0,Map,Map,Map,Tile:8,Tile:13,Destroy,Bonus,Map,Tile:8,Tile:7,Tile:6,Tile:1,Tile:6,Tile:5,Tile:9-Tile:5,Tile:0,Destroy,Tile:11,Bonus,Tile:9,Tile:6-Tile:8,Tile:9,Tile:10,Map,Bonus,Tile:8,Tile:10-Tile:hidden1,Tile:nugget,Tile:hidden2
Tile:6 4 5 1
Tile:8 6 5 0
Tile:11_flip 5 4 1
Tile:8 7 5 0
Tile:6 8 5 1
Tile:9_flip 9 5 0
Tile:10 7 6 1
Tile:9 9 4 0
Tile:7 5 3 1
Tile:8 10 4 0
Tile:2 7 4 1
Tile:7 11 4 0
Tile:5_flip 7 7 1
Tile:10 11 5 0
Tile:9_flip 9 6 1
Map 12 3 0
Tile:14_flip 8 6 1
Tile:7_flip 11 6 0
Tile:9 6 7 1
Tile:5_flip 12 6 0
GAMEOVER WINNER 0
# Game ended: Mon Apr 13 20:24:31 EDT 2020
