# Server version 0.08 running on 192.168.2.246:8123
# Game ID: 134
# Board class: Saboteur.SaboteurBoard
# Timeout: 20000
# First Move Timeout: 30000
# Date: Wed Apr 15 23:34:37 EDT 2020
# Player 1: Player-0, '260746982', running on 192.168.2.246
# Player 2: Player-1, 'Human', running on 192.168.2.246
START Player-0 260746982
START Player-1 Human
BoardInit:Tile:10,Tile:11,Tile:8,Tile:9,Tile:1,Map,Tile:6,Tile:0,Tile:9,Bonus,Map,Tile:6,Tile:0,Map,Tile:4,Tile:7,Tile:9,Tile:8,Map,Tile:7,Tile:10,Tile:10,Tile:9,Tile:8,Tile:6,Tile:5,Tile:0,Bonus,Tile:14,Tile:6,Tile:7,Tile:15,Tile:5,Destroy,Tile:5,Malus,Tile:6,Tile:12,Destroy,Tile:7,Bonus-Tile:8,Tile:5,Destroy,Bonus,Tile:3,Tile:13,Map-Tile:7,Tile:2,Malus,Tile:9,Map,Tile:8,Tile:0-Tile:hidden2,Tile:nugget,Tile:hidden1
Tile:8 6 5 1
Tile:8 7 5 0
Map 12 5 1
Tile:0 8 5 0
Tile:8 9 5 1
Tile:7 10 5 0
Drop 4 0 1
Tile:9 10 6 0
Drop 3 0 1
Malus 0 0 0
Bonus 0 0 1
Map 12 3 0
Map 12 7 1
Map 12 7 0
Tile:9 10 7 1
Drop 6 0 0
Drop 3 0 1
Drop 0 0 0
Tile:6 11 7 1
Tile:9 12 6 0
GAMEOVER WINNER 0
# Game ended: Wed Apr 15 23:35:21 EDT 2020
