# Server version 0.08 running on 192.168.2.246:8123
# Game ID: 109
# Board class: Saboteur.SaboteurBoard
# Timeout: 20000
# First Move Timeout: 30000
# Date: Mon Apr 13 20:25:09 EDT 2020
# Player 1: Player-0, 'RandomPlayer', running on 127.0.0.1
# Player 2: Player-1, '260746982', running on 127.0.0.1
START Player-0 RandomPlayer
START Player-1 260746982
BoardInit:Map,Malus,Tile:7,Tile:8,Tile:6,Tile:5,Map,Tile:6,Tile:5,Malus,Tile:8,Tile:6,Tile:7,Tile:11,Tile:7,Tile:9,Tile:15,Tile:7,Bonus,Bonus,Tile:9,Destroy,Map,Tile:3,Tile:7,Map,Tile:5,Tile:1,Tile:10,Map,Tile:8,Bonus,Tile:9,Tile:10,Tile:0,Bonus,Tile:0,Tile:10,Tile:6,Destroy,Tile:6-Tile:2,Tile:0,Tile:5,Tile:12,Tile:9,Tile:0,Tile:4-Tile:13,Tile:9,Destroy,Tile:8,Tile:14,Tile:8,Map-Tile:hidden1,Tile:hidden2,Tile:nugget
Tile:0 6 5 1
Tile:8 5 4 0
Tile:0 7 5 1
Tile:14 8 5 0
Map 12 3 1
Destroy 7 5 0
Tile:6 7 5 1
Tile:5 4 4 0
Map 12 7 1
Tile:8 8 4 0
Drop 0 0 1
Tile:6 4 5 0
Drop 1 0 1
Tile:6_flip 7 4 0
Tile:9_flip 9 4 1
Tile:8 9 3 0
Tile:7_flip 9 5 1
Tile:9_flip 10 5 0
Tile:8 10 6 1
Tile:7 5 3 0
Tile:7 11 6 1
Tile:11 10 4 0
Tile:7_flip 11 7 1
GAMEOVER WINNER 1
# Game ended: Mon Apr 13 20:25:09 EDT 2020
