# Server version 0.08 running on 192.168.2.246:8123
# Game ID: 93
# Board class: Saboteur.SaboteurBoard
# Timeout: 20000
# First Move Timeout: 30000
# Date: Mon Apr 13 20:24:47 EDT 2020
# Player 1: Player-0, 'RandomPlayer', running on 127.0.0.1
# Player 2: Player-1, '260746982', running on 127.0.0.1
START Player-0 RandomPlayer
START Player-1 260746982
BoardInit:Tile:7,Tile:15,Tile:10,Tile:10,Tile:11,Malus,Tile:8,Bonus,Malus,Tile:6,Tile:7,Tile:0,Destroy,Map,Map,Destroy,Map,Tile:9,Map,Tile:13,Tile:0,Tile:3,Tile:8,Tile:9,Tile:14,Tile:9,Map,Bonus,Tile:12,Tile:0,Map,Tile:7,Tile:6,Tile:4,Tile:5,Destroy,Tile:5,Tile:7,Tile:8,Bonus,Tile:8-Tile:7,Bonus,Tile:5,Tile:0,Tile:8,Tile:6,Tile:6-Tile:2,Tile:9,Tile:6,Tile:9,Tile:10,Tile:5,Tile:1-Tile:nugget,Tile:hidden1,Tile:hidden2
Tile:0 6 5 1
Tile:5_flip 5 6 0
Tile:8 7 5 1
Tile:9_flip 7 6 0
Tile:6 8 5 1
Tile:2_flip 4 6 0
Tile:6 9 5 1
Tile:9_flip 7 7 0
Tile:8 10 5 1
Tile:15 8 4 0
Malus 0 0 1
Drop 4 0 0
Tile:5_flip 11 5 1
Bonus 0 0 0
Drop 4 0 1
Tile:6_flip 6 7 0
Map 12 3 1
Tile:6 6 8 0
Tile:10 11 4 1
Tile:9_flip 5 4 0
Tile:7 11 3 1
Drop 3 0 0
Drop 4 0 1
Drop 5 0 0
Drop 4 0 1
Tile:1 5 7 0
Drop 6 0 1
Tile:9 9 4 0
Drop 6 0 1
Destroy 11 4 0
Tile:8 11 4 1
Tile:3 12 4 0
Drop 6 0 1
Tile:9_flip 7 8 0
Drop 5 0 1
Tile:7 5 3 0
Drop 1 0 1
Drop 6 0 0
Drop 1 0 1
Tile:7_flip 3 6 0
Drop 1 0 1
Drop 2 0 0
Drop 1 0 1
Tile:4_flip 10 6 0
Drop 1 0 1
Tile:10 7 4 0
Drop 1 0 1
Tile:10 8 3 0
Drop 1 0 1
Drop 1 0 0
Drop 1 0 1
Drop 0 0 0
Drop 1 0 1
Drop 0 0 0
Drop 0 0 1
GAMEOVER DRAW
# Game ended: Mon Apr 13 20:24:47 EDT 2020
