# Server version 0.08 running on 192.168.2.246:8123
# Game ID: 137
# Board class: Saboteur.SaboteurBoard
# Timeout: 20000
# First Move Timeout: 30000
# Date: Wed Apr 15 23:38:43 EDT 2020
# Player 1: Player-0, '260746982', running on 192.168.2.246
# Player 2: Player-1, 'Human', running on 192.168.2.246
START Player-0 260746982
START Player-1 Human
BoardInit:Map,Tile:5,Tile:10,Malus,Tile:0,Map,Map,Map,Tile:8,Tile:5,Tile:9,Tile:9,Tile:8,Tile:6,Tile:10,Tile:9,Tile:8,Tile:12,Tile:9,Tile:5,Tile:8,Tile:8,Tile:0,Map,Tile:5,Tile:6,Tile:4,Malus,Map,Bonus,Tile:6,Tile:1,Tile:7,Tile:3,Tile:10,Destroy,Tile:6,Tile:0,Tile:15,Destroy,Tile:9-Tile:7,Tile:7,Bonus,Bonus,Tile:7,Destroy,Tile:7-Tile:6,Tile:2,Tile:14,Bonus,Tile:11,Tile:13,Tile:0-Tile:hidden2,Tile:hidden1,Tile:nugget
Tile:7 6 5 1
Tile:6 6 6 0
Tile:7 7 6 1
Drop 0 0 0
Map 12 3 1
Drop 0 0 0
Destroy 6 5 1
Tile:11_flip 6 5 0
Map 12 5 1
Map 12 3 0
Tile:8 5 4 1
Map 12 7 0
Tile:9_flip 6 4 1
Tile:9 5 6 0
Tile:8 6 3 1
Tile:6 7 7 0
Tile:0 8 7 1
Tile:0 9 7 0
Tile:7 10 7 1
Tile:9 10 8 0
Tile:7 11 8 1
Drop 1 0 0
Tile:8 11 9 1
Drop 4 0 0
Tile:9 10 9 1
Drop 6 0 0
Tile:8 11 10 1
Malus 0 0 0
Bonus 0 0 1
Malus 0 0 0
Bonus 0 0 1
Drop 0 0 0
GAMEOVER USER CANCEL UNDECIDED
# Game ended: Wed Apr 15 23:40:02 EDT 2020
