# Server version 0.08 running on 192.168.2.246:8123
# Game ID: 28
# Board class: Saboteur.SaboteurBoard
# Timeout: 20000
# First Move Timeout: 30000
# Date: Mon Apr 13 15:00:25 EDT 2020
# Player 1: Player-0, '260746982', running on 192.168.2.246
# Player 2: Player-1, 'Human', running on 192.168.2.246
START Player-0 260746982
START Player-1 Human
BoardInit:Tile:4,Tile:9,Destroy,Tile:11,Bonus,Tile:9,Tile:1,Tile:7,Tile:6,Tile:0,Map,Map,Bonus,Malus,Map,Tile:10,Tile:14,Tile:3,Map,Tile:7,Tile:8,Tile:0,Tile:13,Tile:5,Tile:10,Tile:7,Tile:12,Tile:0,Map,Tile:7,Map,Tile:5,Tile:0,Tile:7,Tile:9,Tile:6,Tile:10,Tile:6,Tile:8,Malus,Tile:9-Tile:8,Destroy,Tile:15,Destroy,Tile:8,Tile:2,Tile:8-Tile:5,Bonus,Tile:6,Tile:9,Bonus,Tile:5,Tile:6-Tile:nugget,Tile:hidden1,Tile:hidden2
Tile:8 6 5 1
Tile:5 4 5 0
Tile:8 7 5 1
Tile:6 8 5 0
Tile:8 9 5 1
Tile:9_flip 7 4 0
Drop 3 0 1
Tile:6 7 6 0
Drop 6 0 1
Tile:9 6 6 0
Tile:6 10 5 1
Tile:11 9 6 0
Map 12 5 1
Tile:7 5 4 0
Drop 1 0 1
Tile:9_flip 11 5 0
Map 12 7 1
Tile:10 5 6 0
Drop 6 0 1
Tile:3 11 4 0
Drop 6 0 1
Tile:5 8 4 0
Destroy 11 5 1
Tile:7_flip 4 4 0
Tile:8 11 5 1
Tile:0 13 5 0
Tile:10 11 6 1
Tile:5_flip 6 7 0
