# Server version 0.08 running on 192.168.2.246:8123
# Game ID: 81
# Board class: Saboteur.SaboteurBoard
# Timeout: 20000
# First Move Timeout: 30000
# Date: Mon Apr 13 20:24:29 EDT 2020
# Player 1: Player-0, 'RandomPlayer', running on 127.0.0.1
# Player 2: Player-1, '260746982', running on 127.0.0.1
START Player-0 RandomPlayer
START Player-1 260746982
BoardInit:Tile:6,Tile:1,Tile:8,Destroy,Tile:0,Tile:12,Tile:5,Tile:6,Tile:8,Malus,Map,Bonus,Tile:3,Tile:7,Bonus,Tile:13,Tile:11,Tile:4,Tile:9,Map,Tile:0,Map,Tile:7,Tile:15,Tile:10,Tile:7,Tile:8,Tile:2,Tile:7,Tile:5,Map,Tile:9,Tile:0,Tile:10,Bonus,Map,Map,Tile:6,Malus,Tile:14,Tile:5-Tile:9,Tile:6,Tile:6,Tile:0,Tile:9,Tile:9,Tile:8-Destroy,Bonus,Tile:7,Tile:5,Tile:10,Destroy,Tile:8-Tile:hidden2,Tile:hidden1,Tile:nugget
Tile:6 6 5 1
Tile:5 4 5 0
Tile:6 7 5 1
Tile:8 4 6 0
Tile:0 8 5 1
Destroy 8 5 0
Tile:8 8 5 1
Tile:12 9 5 0
Drop 0 0 1
Tile:1 3 6 0
Drop 0 0 1
Destroy 7 5 0
Tile:6 7 5 1
Destroy 3 6 0
Map 12 3 1
Drop 3 0 0
Drop 5 0 1
Tile:13 3 6 0
Drop 6 0 1
Tile:7 3 5 0
Drop 0 0 1
Tile:4 6 4 0
Drop 0 0 1
Map 12 7 0
Drop 0 0 1
Tile:10 5 4 0
Drop 0 0 1
Tile:7_flip 3 7 0
Drop 0 0 1
Drop 3 0 0
Drop 1 0 1
Malus 0 0 0
Bonus 0 0 1
Tile:5 7 4 0
Map 12 7 1
Drop 0 0 0
Drop 0 0 1
Tile:9_flip 4 7 0
Drop 6 0 1
Tile:6_flip 8 4 0
Malus 0 0 1
Drop 2 0 0
Drop 0 0 1
Drop 3 0 0
Drop 0 0 1
Drop 0 0 0
Drop 0 0 1
Drop 3 0 0
Drop 0 0 1
Map 12 7 0
Drop 0 0 1
Drop 0 0 0
Drop 1 0 1
Drop 0 0 0
Drop 0 0 1
GAMEOVER DRAW
# Game ended: Mon Apr 13 20:24:29 EDT 2020
