# Server version 0.08 running on 192.168.2.246:8123
# Game ID: 27
# Board class: Saboteur.SaboteurBoard
# Timeout: 20000
# First Move Timeout: 30000
# Date: Mon Apr 13 14:59:05 EDT 2020
# Player 1: Player-0, '260746982', running on 192.168.2.246
# Player 2: Player-1, 'Human', running on 192.168.2.246
START Player-0 260746982
START Player-1 Human
BoardInit:Tile:9,Tile:6,Destroy,Tile:6,Tile:7,Bonus,Tile:13,Tile:8,Map,Tile:10,Tile:9,Map,Tile:10,Tile:0,Map,Destroy,Malus,Malus,Tile:9,Tile:7,Tile:8,Tile:10,Bonus,Tile:8,Tile:5,Tile:0,Tile:0,Tile:2,Tile:9,Tile:14,Tile:5,Tile:7,Tile:8,Tile:9,Tile:3,Tile:6,Tile:7,Tile:5,Tile:5,Tile:7,Tile:6-Tile:4,Bonus,Map,Tile:1,Tile:8,Map,Tile:12-Tile:0,Tile:11,Bonus,Map,Tile:15,Destroy,Tile:6-Tile:hidden1,Tile:nugget,Tile:hidden2
Tile:8 6 5 1
Tile:11_flip 6 6 0
Tile:9 6 4 1
Destroy 6 4 0
Destroy 6 6 1
Drop 2 0 0
Tile:7 7 5 1
Drop 2 0 0
Drop 6 0 1
Tile:6 5 6 0
Map 12 7 1
Tile:6 6 6 0
Map 12 5 1
Drop 0 0 0
Drop 0 0 1
Tile:6 4 5 0
Map 12 3 1
Drop 6 0 0
Drop 2 0 1
Tile:8 4 4 0
Drop 1 0 1
Tile:0 4 6 0
Tile:8 7 6 1
Drop 1 0 0
Tile:9 7 7 1
Tile:7_flip 7 8 0
Drop 3 0 1
Drop 0 0 0
Tile:0 8 6 1
Drop 6 0 0
Tile:9_flip 9 6 1
Tile:14_flip 4 3 0
Tile:5 9 5 1
Tile:7_flip 3 5 0
Tile:8 10 5 1
Tile:8 11 5 0
GAMEOVER WINNER 0
# Game ended: Mon Apr 13 15:00:16 EDT 2020
