# Server version 0.08 running on 192.168.2.246:8123
# Game ID: 78
# Board class: Saboteur.SaboteurBoard
# Timeout: 20000
# First Move Timeout: 30000
# Date: Mon Apr 13 20:24:25 EDT 2020
# Player 1: Player-0, '260746982', running on 127.0.0.1
# Player 2: Player-1, 'RandomPlayer', running on 127.0.0.1
START Player-0 260746982
START Player-1 RandomPlayer
BoardInit:Tile:9,Tile:10,Tile:0,Tile:1,Tile:6,Tile:2,Tile:6,Tile:6,Tile:5,Tile:10,Tile:0,Tile:9,Bonus,Tile:5,Map,Tile:9,Tile:13,Tile:8,Tile:7,Tile:6,Malus,Tile:8,Tile:8,Tile:7,Map,Map,Tile:7,Tile:12,Destroy,Tile:7,Tile:14,Tile:10,Tile:8,Map,Bonus,Malus,Tile:0,Tile:9,Tile:6,Tile:3,Tile:5-Tile:4,Tile:0,Tile:9,Tile:7,Destroy,Tile:5,Map-Tile:11,Bonus,Destroy,Bonus,Tile:15,Tile:8,Map-Tile:nugget,Tile:hidden1,Tile:hidden2
Drop 3 0 1
Tile:8 6 5 0
Tile:4 6 4 1
Tile:11_flip 7 5 0
Tile:5_flip 7 6 1
Map 12 3 0
Tile:9_flip 5 4 1
Drop 3 0 0
Tile:9 4 4 1
Drop 4 0 0
Destroy 7 5 1
Tile:6_flip 7 5 0
Tile:6 4 5 1
Tile:9_flip 8 5 0
Tile:6 6 6 1
Tile:5 8 4 0
Tile:0 3 5 1
Tile:9_flip 9 4 0
Map 12 5 1
Tile:8 9 3 0
Tile:0 8 3 1
Tile:6 10 3 0
Tile:7_flip 8 6 1
Tile:8 11 3 0
GAMEOVER WINNER 0
# Game ended: Mon Apr 13 20:24:25 EDT 2020
