# Server version 0.08 running on 192.168.2.246:8123
# Game ID: 132
# Board class: Saboteur.SaboteurBoard
# Timeout: 20000
# First Move Timeout: 30000
# Date: Wed Apr 15 23:22:46 EDT 2020
# Player 1: Player-0, '260746982', running on 192.168.2.246
# Player 2: Player-1, 'Human', running on 192.168.2.246
START Player-0 260746982
START Player-1 Human
BoardInit:Map,Tile:8,Tile:8,Tile:5,Tile:8,Map,Tile:10,Tile:6,Tile:15,Tile:9,Map,Tile:3,Tile:6,Tile:4,Bonus,Tile:10,Tile:0,Tile:0,Tile:7,Tile:10,Map,Tile:5,Tile:12,Tile:2,Tile:5,Tile:7,Tile:9,Tile:8,Map,Tile:13,Destroy,Tile:0,Tile:9,Destroy,Tile:5,Tile:6,Tile:7,Tile:7,Malus,Tile:9,Tile:9-Tile:11,Tile:8,Map,Tile:0,Tile:7,Tile:6,Tile:14-Bonus,Bonus,Tile:6,Malus,Destroy,Tile:1,Bonus-Tile:nugget,Tile:hidden2,Tile:hidden1
Tile:6 6 5 1
Tile:6 7 5 0
Tile:7 8 5 1
Tile:8 8 6 0
Tile:8 9 6 1
Tile:5_flip 10 6 0
Tile:8 10 5 1
Malus 0 0 0
Map 12 7 1
Tile:6 11 5 0
Drop 2 0 1
Tile:9 12 4 0
GAMEOVER WINNER 0
# Game ended: Wed Apr 15 23:23:08 EDT 2020
