# Server version 0.08 running on 192.168.2.246:8123
# Game ID: 54
# Board class: Saboteur.SaboteurBoard
# Timeout: 20000
# First Move Timeout: 30000
# Date: Mon Apr 13 18:31:44 EDT 2020
# Player 1: Player-0, '260746982', running on 192.168.2.246
# Player 2: Player-1, 'Human', running on 192.168.2.246
START Player-0 260746982
START Player-1 Human
BoardInit:Tile:10,Tile:11,Destroy,Bonus,Tile:10,Tile:5,Tile:7,Tile:8,Tile:8,Tile:13,Tile:3,Tile:6,Tile:5,Tile:6,Tile:7,Tile:9,Tile:6,Map,Map,Bonus,Destroy,Tile:6,Tile:14,Tile:9,Destroy,Tile:6,Tile:8,Tile:9,Map,Tile:0,Tile:8,Tile:0,Tile:9,Tile:0,Map,Tile:7,Tile:5,Tile:0,Tile:5,Tile:4,Map-Bonus,Bonus,Malus,Tile:8,Malus,Tile:1,Tile:7-Map,Tile:2,Tile:15,Tile:7,Tile:9,Tile:12,Tile:10-Tile:hidden1,Tile:hidden2,Tile:nugget
Malus 0 0 1
Map 12 3 0
Tile:8 6 5 1
Drop 0 0 0
Tile:7 7 5 1
Bonus 0 0 0
Malus 0 0 1
Drop 0 0 0
Tile:7_flip 7 6 1
Drop 2 0 0
Tile:8 8 6 1
Drop 3 0 0
Drop 6 0 1
Drop 5 0 0
Tile:5 8 5 1
Drop 0 0 0
Tile:7 9 6 1
Drop 0 0 0
Tile:6 9 5 1
Map 12 7 0
Map 12 7 1
Bonus 0 0 0
Drop 6 0 1
Tile:6 9 7 0
Drop 6 0 1
Tile:8 10 7 0
Drop 6 0 1
Tile:5_flip 11 7 0
