# Server version 0.08 running on 192.168.2.246:8123
# Game ID: 43
# Board class: Saboteur.SaboteurBoard
# Timeout: 20000
# First Move Timeout: 30000
# Date: Mon Apr 13 17:08:51 EDT 2020
# Player 1: Player-0, '260746982', running on 192.168.2.246
# Player 2: Player-1, 'Human', running on 192.168.2.246
START Player-0 260746982
START Player-1 Human
BoardInit:Tile:9,Tile:6,Tile:7,Destroy,Malus,Tile:0,Tile:2,Map,Tile:14,Bonus,Tile:7,Tile:6,Tile:5,Tile:5,Tile:15,Tile:7,Tile:0,Tile:5,Tile:1,Tile:0,Destroy,Tile:6,Tile:5,Tile:7,Tile:9,Tile:4,Map,Destroy,Tile:8,Tile:10,Map,Tile:11,Tile:13,Tile:8,Tile:3,Tile:10,Tile:10,Map,Tile:6,Tile:6,Map-Tile:8,Tile:7,Tile:8,Bonus,Tile:8,Tile:0,Malus-Map,Tile:12,Bonus,Tile:9,Bonus,Tile:9,Tile:9-Tile:hidden1,Tile:hidden2,Tile:nugget
Tile:8 6 5 1
Tile:9_flip 5 4 0
Malus 0 0 1
Bonus 0 0 0
Tile:8 7 5 1
Drop 3 0 0
Malus 0 0 1
Map 12 5 0
Tile:0 8 5 1
Destroy 6 5 0
Tile:8 9 5 1
Bonus 0 0 0
