# Server version 0.08 running on 192.168.2.246:8123
# Game ID: 62
# Board class: Saboteur.SaboteurBoard
# Timeout: 20000
# First Move Timeout: 30000
# Date: Mon Apr 13 18:57:28 EDT 2020
# Player 1: Player-0, '260746982', running on 192.168.2.246
# Player 2: Player-1, 'Human', running on 192.168.2.246
START Player-0 260746982
START Player-1 Human
BoardInit:Destroy,Tile:7,Destroy,Map,Tile:7,Tile:0,Tile:9,Destroy,Tile:1,Tile:13,Tile:5,Map,Tile:3,Tile:8,Tile:2,Tile:9,Tile:10,Tile:8,Tile:7,Tile:6,Tile:9,Map,Tile:10,Tile:15,Map,Tile:0,Tile:5,Tile:8,Tile:7,Tile:14,Tile:12,Bonus,Tile:6,Bonus,Malus,Malus,Tile:9,Tile:8,Map,Tile:5,Tile:4-Tile:9,Tile:0,Tile:5,Tile:10,Bonus,Tile:7,Tile:6-Tile:11,Map,Tile:0,Tile:6,Bonus,Tile:8,Tile:6-Tile:nugget,Tile:hidden1,Tile:hidden2
Tile:6 6 5 1
Tile:8 5 6 0
Tile:0 7 5 1
Tile:7 8 5 0
Tile:9 8 6 1
Map 12 7 0
Tile:7 9 6 1
Tile:11_flip 5 7 0
Tile:9 9 7 1
Destroy 5 7 0
Drop 6 0 1
Tile:6_flip 5 4 0
Tile:5_flip 10 7 1
Tile:13 5 7 0
Tile:5 10 6 1
Tile:6 6 7 0
Tile:3 11 6 1
Tile:8 9 8 0
Destroy 11 6 1
Tile:9_flip 6 4 0
Tile:7 11 6 1
Tile:0 4 7 0
Destroy 11 6 1
Tile:6 7 7 0
Tile:9_flip 11 6 1
Tile:8 11 5 0
Tile:10 11 4 1
Tile:15 11 7 0
Map 12 7 1
Tile:8 11 3 0
GAMEOVER WINNER 0
# Game ended: Mon Apr 13 19:00:01 EDT 2020
