# Server version 0.08 running on 192.168.2.246:8123
# Game ID: 88
# Board class: Saboteur.SaboteurBoard
# Timeout: 20000
# First Move Timeout: 30000
# Date: Mon Apr 13 20:24:39 EDT 2020
# Player 1: Player-0, '260746982', running on 127.0.0.1
# Player 2: Player-1, 'RandomPlayer', running on 127.0.0.1
START Player-0 260746982
START Player-1 RandomPlayer
BoardInit:Tile:15,Tile:9,Map,Tile:6,Tile:5,Bonus,Map,Tile:7,Tile:0,Malus,Tile:9,Destroy,Tile:10,Tile:9,Destroy,Tile:0,Tile:7,Tile:13,Tile:8,Tile:9,Tile:5,Tile:6,Bonus,Tile:10,Tile:4,Tile:6,Tile:1,Bonus,Tile:8,Tile:6,Tile:14,Tile:6,Map,Tile:0,Tile:12,Tile:7,Map,Tile:8,Tile:10,Malus,Tile:8-Tile:5,Bonus,Destroy,Tile:3,Tile:0,Map,Map-Tile:2,Tile:9,Tile:7,Tile:7,Tile:11,Tile:5,Tile:8-Tile:hidden2,Tile:nugget,Tile:hidden1
Map 12 5 1
Tile:8 6 5 0
Tile:5 4 5 1
Tile:9_flip 7 5 0
Tile:3 7 4 1
Tile:7_flip 7 6 0
Tile:5 6 4 1
Tile:6 8 6 0
Drop 0 0 1
Tile:5_flip 9 6 0
Drop 1 0 1
Tile:9 9 5 0
Tile:9_flip 6 6 1
Malus 0 0 0
Destroy 9 5 1
Tile:9 9 5 0
Map 12 3 1
Tile:0 10 5 0
Drop 5 0 1
Tile:7 11 5 0
Map 12 3 1
Drop 0 0 0
Map 12 7 1
Drop 0 0 0
Drop 5 0 1
Drop 3 0 0
Drop 0 0 1
Drop 1 0 0
Drop 6 0 1
Drop 1 0 0
Drop 1 0 1
Drop 1 0 0
Drop 4 0 1
Drop 1 0 0
Drop 4 0 1
Drop 1 0 0
Map 12 7 1
Drop 1 0 0
Map 12 5 1
Drop 2 0 0
Drop 4 0 1
Malus 0 0 0
Drop 5 0 1
Drop 2 0 0
Drop 4 0 1
Drop 2 0 0
Drop 3 0 1
Drop 2 0 0
Drop 0 0 1
Drop 2 0 0
Drop 0 0 1
Drop 1 0 0
Drop 1 0 1
Drop 0 0 0
Drop 0 0 1
GAMEOVER DRAW
# Game ended: Mon Apr 13 20:24:39 EDT 2020
