# Server version 0.08 running on 192.168.2.246:8123
# Game ID: 22
# Board class: Saboteur.SaboteurBoard
# Timeout: 20000
# First Move Timeout: 30000
# Date: Mon Apr 13 14:26:31 EDT 2020
# Player 1: Player-0, '260746982', running on 192.168.2.246
# Player 2: Player-1, 'Human', running on 192.168.2.246
START Player-0 260746982
START Player-1 Human
BoardInit:Tile:15,Tile:10,Tile:8,Tile:6,Tile:8,Map,Tile:4,Tile:13,Bonus,Map,Tile:3,Tile:0,Tile:0,Tile:0,Map,Tile:6,Tile:9,Tile:6,Tile:14,Destroy,Tile:11,Destroy,Malus,Tile:7,Map,Tile:12,Tile:9,Tile:7,Tile:8,Map,Bonus,Tile:7,Tile:6,Bonus,Tile:7,Tile:2,Tile:10,Tile:5,Tile:8,Tile:5,Tile:9-Tile:7,Tile:5,Tile:9,Tile:8,Tile:9,Tile:10,Tile:1-Bonus,Map,Tile:5,Tile:0,Tile:6,Destroy,Malus-Tile:hidden2,Tile:hidden1,Tile:nugget
Tile:8 6 5 1
Drop 3 0 0
Tile:15 5 6 1
Map 12 3 0
Tile:8 7 5 1
Tile:10 5 4 0
Tile:8 8 5 1
Drop 6 0 0
Tile:4 8 4 1
Tile:13 8 6 0
Tile:9 8 7 1
Destroy 6 5 0
