# Server version 0.08 running on 192.168.2.246:8123
# Game ID: 74
# Board class: Saboteur.SaboteurBoard
# Timeout: 20000
# First Move Timeout: 30000
# Date: Mon Apr 13 20:24:19 EDT 2020
# Player 1: Player-0, '260746982', running on 127.0.0.1
# Player 2: Player-1, 'RandomPlayer', running on 127.0.0.1
START Player-0 260746982
START Player-1 RandomPlayer
BoardInit:Tile:5,Tile:6,Tile:5,Tile:9,Destroy,Tile:13,Tile:6,Map,Tile:0,Tile:8,Tile:1,Tile:5,Tile:6,Tile:9,Tile:12,Tile:10,Map,Map,Bonus,Malus,Tile:2,Tile:11,Destroy,Destroy,Tile:10,Tile:6,Tile:0,Map,Tile:8,Map,Tile:6,Bonus,Tile:5,Tile:8,Tile:0,Bonus,Malus,Tile:8,Map,Bonus,Tile:7-Tile:8,Tile:7,Tile:9,Tile:9,Tile:3,Tile:14,Tile:15-Tile:7,Tile:0,Tile:7,Tile:4,Tile:10,Tile:7,Tile:9-Tile:nugget,Tile:hidden2,Tile:hidden1
Tile:9 5 6 1
Tile:0 6 5 0
Tile:3_flip 5 7 1
Tile:6 7 5 0
Tile:14 8 5 1
Drop 2 0 0
Tile:9_flip 5 4 1
Drop 6 0 0
Tile:6_flip 4 5 1
Map 12 3 0
Tile:0 6 6 1
Drop 0 0 0
Tile:15 7 4 1
Drop 0 0 0
Tile:5 8 4 1
Drop 0 0 0
Tile:1 4 4 1
Drop 0 0 0
Tile:12_flip 3 4 1
Drop 6 0 0
Destroy 6 5 1
Malus 0 0 0
Map 12 5 1
Drop 6 0 0
Destroy 8 4 1
Drop 0 0 0
Drop 0 0 1
Tile:6_flip 7 6 0
Drop 6 0 1
Drop 6 0 0
Drop 1 0 1
Drop 6 0 0
Drop 4 0 1
Drop 0 0 0
Drop 0 0 1
Drop 0 0 0
Drop 4 0 1
Drop 0 0 0
Bonus 0 0 1
Drop 0 0 0
Drop 2 0 1
Drop 0 0 0
Tile:0 6 5 1
Drop 0 0 0
Drop 4 0 1
Drop 1 0 0
Tile:5 8 4 1
Drop 2 0 0
Tile:7 5 3 1
Drop 0 0 0
Drop 1 0 1
Drop 0 0 0
Tile:6 4 3 1
Drop 0 0 0
Malus 0 0 1
GAMEOVER DRAW
# Game ended: Mon Apr 13 20:24:20 EDT 2020
