# Server version 0.08 running on 192.168.2.246:8123
# Game ID: 1
# Board class: Saboteur.SaboteurBoard
# Timeout: 20000
# First Move Timeout: 30000
# Date: Mon Apr 13 12:57:53 EDT 2020
# Player 1: Player-0, 'RandomPlayer', running on 192.168.2.246
# Player 2: Player-1, 'RandomPlayer', running on 192.168.2.246
START Player-0 RandomPlayer
START Player-1 RandomPlayer
BoardInit:Tile:10,Map,Tile:11,Map,Tile:8,Tile:6,Bonus,Tile:15,Bonus,Tile:7,Malus,Tile:9,Tile:0,Tile:9,Tile:8,Tile:2,Destroy,Tile:0,Map,Tile:1,Tile:10,Tile:6,Tile:9,Tile:7,Tile:7,Destroy,Tile:7,Tile:6,Tile:6,Tile:8,Tile:14,Tile:13,Tile:9,Tile:0,Tile:8,Tile:5,Tile:3,Tile:9,Tile:12,Destroy,Tile:5-Tile:5,Tile:6,Map,Tile:4,Map,Bonus,Tile:8-Tile:5,Tile:10,Tile:7,Malus,Tile:0,Map,Bonus-Tile:nugget,Tile:hidden1,Tile:hidden2
Tile:5 4 5 1
Malus 0 0 0
Drop 1 0 1
Tile:10 5 4 0
Map 12 7 1
Map 12 3 0
Drop 3 0 1
Tile:6 5 6 0
Drop 0 0 1
Map 12 5 0
Drop 1 0 1
Drop 3 0 0
Drop 4 0 1
Tile:5_flip 6 5 0
Drop 2 0 1
Tile:9 6 4 0
Drop 6 0 1
Tile:7 6 6 0
Malus 0 0 1
Drop 3 0 0
Destroy 4 5 1
Map 12 7 0
Map 12 3 1
Drop 0 0 0
Drop 5 0 1
Drop 2 0 0
Drop 0 0 1
Destroy 6 6 0
Drop 6 0 1
Drop 5 0 0
Drop 1 0 1
Drop 0 0 0
Drop 4 0 1
Drop 6 0 0
Drop 0 0 1
Drop 3 0 0
Drop 4 0 1
Drop 3 0 0
Drop 0 0 1
Drop 6 0 0
Drop 2 0 1
Drop 2 0 0
Drop 0 0 1
Drop 3 0 0
Drop 4 0 1
Drop 0 0 0
Drop 2 0 1
Destroy 5 6 0
Drop 0 0 1
Drop 2 0 0
Drop 0 0 1
Drop 0 0 0
Drop 1 0 1
Drop 0 0 0
Drop 0 0 1
GAMEOVER DRAW
# Game ended: Mon Apr 13 12:57:53 EDT 2020
