# Server version 0.08 running on 192.168.2.246:8123
# Game ID: 146
# Board class: Saboteur.SaboteurBoard
# Timeout: 20000
# First Move Timeout: 30000
# Date: Wed Apr 15 23:45:20 EDT 2020
# Player 1: Player-0, '260746982', running on 192.168.2.246
# Player 2: Player-1, '260746982', running on 192.168.2.246
START Player-0 260746982
START Player-1 260746982
BoardInit:Map,Bonus,Tile:15,Tile:0,Tile:8,Tile:9,Tile:12,Tile:9,Tile:10,Destroy,Tile:0,Tile:5,Tile:13,Map,Bonus,Tile:4,Malus,Tile:3,Tile:7,Tile:9,Tile:7,Tile:10,Tile:5,Tile:14,Tile:11,Tile:10,Tile:8,Tile:9,Tile:0,Tile:1,Tile:5,Tile:7,Tile:5,Bonus,Tile:8,Destroy,Tile:6,Tile:8,Map,Map,Map-Tile:9,Tile:2,Tile:7,Tile:6,Tile:8,Bonus,Malus-Tile:0,Map,Destroy,Tile:7,Tile:6,Tile:6,Tile:6-Tile:hidden2,Tile:nugget,Tile:hidden1
Tile:6 6 5 1
Tile:0 7 5 0
Tile:8 8 5 1
Tile:6 9 5 0
Tile:9_flip 10 5 1
Tile:7_flip 10 6 0
Malus 0 0 1
Bonus 0 0 0
Map 12 3 1
Map 12 3 0
Drop 0 0 1
Drop 0 0 0
Drop 2 0 1
Drop 0 0 0
Drop 3 0 1
Map 12 7 0
Drop 5 0 1
Drop 6 0 0
Malus 0 0 1
Drop 6 0 0
Tile:8 11 6 1
Destroy 11 6 0
Tile:0 11 6 1
Drop 0 0 0
Tile:7 12 6 1
Drop 6 0 0
Tile:10 5 4 1
Drop 0 0 0
Tile:7_flip 4 5 1
Drop 0 0 0
Tile:11 5 3 1
Drop 6 0 0
Drop 3 0 1
Drop 0 0 0
Tile:8 9 4 1
Bonus 0 0 0
Tile:7_flip 12 8 1
Tile:5 5 2 0
Tile:5 11 7 1
Tile:10 4 4 0
Tile:6_flip 9 3 1
Destroy 5 4 0
Tile:8 13 8 1
Tile:9_flip 10 3 0
Tile:5_flip 11 8 1
Tile:8 10 8 0
Map 12 5 1
Tile:7 10 7 0
Drop 3 0 1
Tile:9 13 9 0
Tile:0 9 8 1
Tile:10 5 4 0
Drop 1 0 1
Map 12 5 0
Drop 0 0 1
GAMEOVER DRAW
# Game ended: Wed Apr 15 23:45:22 EDT 2020
