# Server version 0.08 running on 192.168.2.246:8123
# Game ID: 94
# Board class: Saboteur.SaboteurBoard
# Timeout: 20000
# First Move Timeout: 30000
# Date: Mon Apr 13 20:24:48 EDT 2020
# Player 1: Player-0, '260746982', running on 127.0.0.1
# Player 2: Player-1, 'RandomPlayer', running on 127.0.0.1
START Player-0 260746982
START Player-1 RandomPlayer
BoardInit:Map,Map,Tile:6,Destroy,Tile:9,Map,Tile:10,Tile:12,Tile:9,Tile:8,Destroy,Map,Bonus,Tile:6,Tile:4,Tile:0,Tile:9,Bonus,Tile:10,Tile:5,Tile:2,Tile:7,Bonus,Tile:7,Tile:5,Tile:8,Tile:7,Tile:0,Tile:7,Tile:9,Tile:0,Tile:8,Tile:13,Malus,Tile:6,Tile:0,Tile:9,Tile:8,Map,Tile:8,Malus-Tile:6,Tile:14,Tile:5,Destroy,Tile:1,Tile:5,Tile:15-Tile:3,Tile:6,Bonus,Tile:7,Tile:11,Tile:10,Map-Tile:hidden2,Tile:hidden1,Tile:nugget
Tile:6 6 5 1
Tile:6 7 5 0
Tile:5 6 4 1
Tile:7 8 5 0
Drop 4 0 1
Map 12 3 0
Tile:9_flip 7 4 1
Tile:3_flip 8 6 0
Tile:1 9 6 1
Map 12 7 0
Tile:5_flip 10 6 1
Drop 4 0 0
Destroy 6 5 1
Tile:8 6 5 0
Drop 5 0 1
Drop 5 0 0
Tile:14_flip 10 5 1
Drop 1 0 0
Tile:9 6 6 1
Drop 3 0 0
Tile:9_flip 5 6 1
Drop 1 0 0
Tile:2_flip 4 5 1
Drop 1 0 0
Drop 4 0 1
Drop 1 0 0
Tile:6_flip 7 3 1
Drop 1 0 0
Tile:10 5 4 1
Drop 2 0 0
Tile:7_flip 6 3 1
Drop 2 0 0
Tile:7 7 6 1
Drop 2 0 0
Tile:0 8 3 1
Malus 0 0 0
Drop 0 0 1
Drop 2 0 0
Bonus 0 0 1
Drop 2 0 0
Tile:6_flip 11 5 1
Drop 2 0 0
Tile:5 4 6 1
Drop 2 0 0
Tile:9 3 5 1
Drop 2 0 0
Map 12 5 1
Drop 2 0 0
Tile:13 3 4 1
Drop 2 0 0
Tile:10 5 3 1
Drop 1 0 0
Malus 0 0 1
Bonus 0 0 0
Drop 0 0 1
GAMEOVER DRAW
# Game ended: Mon Apr 13 20:24:49 EDT 2020
