# Server version 0.08 running on 192.168.2.246:8123
# Game ID: 115
# Board class: Saboteur.SaboteurBoard
# Timeout: 20000
# First Move Timeout: 30000
# Date: Mon Apr 13 20:34:33 EDT 2020
# Player 1: Player-0, '260746982', running on 192.168.2.246
# Player 2: Player-1, 'Human', running on 192.168.2.246
START Player-0 260746982
START Player-1 Human
BoardInit:Destroy,Tile:10,Tile:0,Tile:8,Tile:13,Tile:7,Tile:5,Destroy,Map,Map,Tile:1,Destroy,Tile:7,Tile:9,Tile:12,Malus,Tile:8,Tile:5,Tile:14,Tile:2,Tile:9,Tile:11,Tile:9,Map,Malus,Tile:10,Tile:5,Tile:8,Tile:8,Map,Bonus,Tile:6,Tile:15,Tile:4,Map,Tile:7,Tile:6,Tile:7,Tile:0,Tile:3,Tile:6-Map,Tile:0,Tile:10,Bonus,Tile:6,Tile:9,Tile:9-Tile:5,Tile:6,Bonus,Tile:7,Tile:0,Tile:8,Bonus-Tile:nugget,Tile:hidden2,Tile:hidden1
Tile:6 6 5 1
Tile:6 7 5 0
Tile:9 7 4 1
Tile:0 8 5 0
Tile:0 8 4 1
Tile:8 9 5 0
Tile:13 9 4 1
Tile:8 10 5 0
Tile:5_flip 10 6 1
Tile:5_flip 11 5 0
Tile:9 11 4 1
Tile:7 12 4 0
Map 12 7 1
Tile:10 12 6 0
Map 12 3 1
Tile:9 11 3 0
GAMEOVER WINNER 0
# Game ended: Mon Apr 13 20:35:09 EDT 2020
