# Server version 0.08 running on 192.168.2.246:8123
# Game ID: 19
# Board class: Saboteur.SaboteurBoard
# Timeout: 20000
# First Move Timeout: 30000
# Date: Mon Apr 13 14:07:43 EDT 2020
# Player 1: Player-0, '260746982', running on 192.168.2.246
# Player 2: Player-1, 'Human', running on 192.168.2.246
START Player-0 260746982
START Player-1 Human
BoardInit:Tile:12,Map,Tile:10,Tile:13,Bonus,Tile:6,Tile:4,Tile:0,Tile:7,Tile:14,Tile:7,Tile:0,Tile:8,Destroy,Tile:8,Bonus,Map,Tile:8,Tile:1,Tile:9,Tile:10,Tile:0,Destroy,Tile:9,Tile:15,Map,Tile:6,Tile:7,Tile:9,Tile:6,Tile:5,Tile:6,Tile:5,Tile:3,Tile:5,Map,Tile:9,Bonus,Tile:0,Tile:5,Tile:2-Tile:7,Malus,Tile:9,Tile:10,Destroy,Tile:8,Map-Tile:11,Map,Malus,Tile:7,Tile:8,Bonus,Tile:6-Tile:nugget,Tile:hidden2,Tile:hidden1
Tile:8 6 5 1
Tile:11 6 6 0
Tile:9 6 4 1
Tile:6 4 5 0
Tile:7 7 4 1
Tile:13 6 7 0
Tile:12 7 7 1
Tile:7 5 4 0
Drop 0 0 1
Tile:6 5 7 0
