# Server version 0.08 running on 192.168.2.246:8123
# Game ID: 110
# Board class: Saboteur.SaboteurBoard
# Timeout: 20000
# First Move Timeout: 30000
# Date: Mon Apr 13 20:25:10 EDT 2020
# Player 1: Player-0, '260746982', running on 127.0.0.1
# Player 2: Player-1, 'RandomPlayer', running on 127.0.0.1
START Player-0 260746982
START Player-1 RandomPlayer
BoardInit:Tile:15,Tile:1,Malus,Tile:2,Bonus,Tile:10,Tile:6,Tile:7,Tile:5,Tile:8,Tile:9,Tile:8,Tile:9,Tile:4,Tile:5,Tile:0,Malus,Tile:7,Tile:10,Map,Tile:5,Bonus,Destroy,Tile:3,Tile:11,Tile:6,Tile:14,Tile:0,Map,Tile:7,Destroy,Tile:10,Tile:12,Tile:9,Tile:7,Tile:9,Tile:9,Destroy,Map,Tile:0,Tile:8-Tile:7,Tile:6,Tile:5,Tile:6,Tile:0,Map,Tile:8-Tile:13,Tile:6,Tile:8,Map,Bonus,Bonus,Map-Tile:hidden2,Tile:nugget,Tile:hidden1
Tile:6 4 5 1
Tile:6 6 5 0
Drop 1 0 1
Tile:8 7 5 0
Map 12 3 1
Tile:13 8 5 0
Tile:6_flip 9 5 1
Map 12 3 0
Drop 0 0 1
Map 12 7 0
Tile:6 5 6 1
Drop 2 0 0
Tile:9_flip 7 4 1
Drop 2 0 0
Tile:9_flip 7 3 1
Drop 6 0 0
Tile:8 9 6 1
Drop 2 0 0
Tile:5 6 4 1
Drop 2 0 0
Drop 4 0 1
Drop 6 0 0
Tile:0 10 5 1
Drop 2 0 0
Tile:10 7 6 1
Drop 6 0 0
Drop 3 0 1
Drop 2 0 0
Tile:11 8 6 1
Drop 2 0 0
Tile:5 3 5 1
Drop 2 0 0
Tile:15 8 7 1
Drop 3 0 0
Destroy 8 7 1
Drop 3 0 0
Tile:7 11 5 1
Drop 3 0 0
Tile:14_flip 4 6 1
Drop 3 0 0
Tile:9 8 7 1
Drop 3 0 0
Tile:8 11 6 1
Drop 3 0 0
Destroy 7 6 1
Drop 3 0 0
Map 12 5 1
Drop 3 0 0
Map 12 3 1
Drop 0 0 0
Tile:12 6 6 1
Drop 0 0 0
Malus 0 0 1
Bonus 0 0 0
Drop 0 0 1
GAMEOVER DRAW
# Game ended: Mon Apr 13 20:25:10 EDT 2020
