# Server version 0.08 running on 192.168.2.246:8123
# Game ID: 85
# Board class: Saboteur.SaboteurBoard
# Timeout: 20000
# First Move Timeout: 30000
# Date: Mon Apr 13 20:24:35 EDT 2020
# Player 1: Player-0, 'RandomPlayer', running on 127.0.0.1
# Player 2: Player-1, '260746982', running on 127.0.0.1
START Player-0 RandomPlayer
START Player-1 260746982
BoardInit:Tile:9,Tile:7,Tile:1,Tile:9,Tile:10,Tile:7,Tile:6,Tile:10,Map,Tile:0,Bonus,Map,Map,Tile:3,Map,Tile:15,Tile:0,Destroy,Bonus,Tile:9,Tile:6,Tile:8,Malus,Tile:9,Tile:7,Map,Destroy,Tile:6,Tile:7,Tile:2,Tile:5,Bonus,Tile:6,Tile:8,Malus,Bonus,Tile:9,Tile:5,Tile:0,Destroy,Tile:5-Tile:7,Tile:0,Tile:10,Tile:13,Tile:12,Tile:4,Tile:8-Tile:5,Map,Tile:8,Tile:8,Tile:6,Tile:11,Tile:14-Tile:nugget,Tile:hidden2,Tile:hidden1
Tile:0 6 5 1
Tile:11_flip 7 5 0
Drop 2 0 1
Tile:7 5 4 0
Drop 2 0 1
Tile:6 4 5 0
Drop 2 0 1
Tile:9_flip 5 6 0
Drop 4 0 1
Tile:8 4 4 0
Map 12 3 1
Tile:0 4 6 0
Drop 0 0 1
Tile:10 5 7 0
Drop 6 0 1
Tile:8 7 6 0
Drop 6 0 1
Tile:3 7 4 0
Drop 0 0 1
Tile:15 7 7 0
Drop 0 0 1
Tile:7_flip 6 4 0
Drop 0 0 1
Tile:5 3 6 0
Malus 0 0 1
Destroy 7 4 0
Drop 0 0 1
Map 12 7 0
Drop 0 0 1
Drop 5 0 0
Drop 1 0 1
Map 12 3 0
Drop 2 0 1
Drop 4 0 0
Drop 2 0 1
Drop 0 0 0
Malus 0 0 1
Drop 3 0 0
Drop 2 0 1
Bonus 0 0 0
Drop 2 0 1
Drop 6 0 0
Drop 2 0 1
Bonus 0 0 0
Drop 2 0 1
Tile:8 7 4 0
Drop 2 0 1
Tile:5_flip 5 8 0
Drop 2 0 1
Tile:9_flip 4 3 0
Drop 2 0 1
Tile:9 3 7 0
Drop 0 0 1
Tile:8 3 3 0
Drop 0 0 1
GAMEOVER DRAW
# Game ended: Mon Apr 13 20:24:35 EDT 2020
