# Server version 0.08 running on 192.168.2.246:8123
# Game ID: 149
# Board class: Saboteur.SaboteurBoard
# Timeout: 20000
# First Move Timeout: 30000
# Date: Wed Apr 15 23:47:05 EDT 2020
# Player 1: Player-0, '260746982', running on 192.168.2.246
# Player 2: Player-1, '260746982', running on 192.168.2.246
START Player-0 260746982
START Player-1 260746982
BoardInit:Tile:7,Tile:1,Tile:3,Tile:10,Tile:6,Tile:0,Tile:10,Map,Tile:8,Destroy,Tile:7,Bonus,Map,Tile:8,Tile:6,Tile:15,Map,Tile:9,Bonus,Tile:2,Bonus,Destroy,Tile:7,Tile:5,Tile:5,Tile:8,Tile:4,Tile:5,Malus,Tile:5,Tile:9,Tile:12,Tile:9,Tile:8,Tile:9,Tile:14,Tile:7,Tile:7,Tile:6,Tile:6,Malus-Tile:0,Destroy,Tile:0,Map,Tile:11,Tile:10,Map-Tile:8,Tile:0,Map,Tile:6,Tile:9,Tile:13,Bonus-Tile:hidden1,Tile:hidden2,Tile:nugget
Tile:0 6 5 1
Tile:8 7 5 0
Tile:0 8 5 1
Tile:0 9 5 0
Tile:7 10 5 1
Tile:6 10 6 0
Map 12 3 1
Map 12 3 0
Map 12 7 1
Map 12 7 0
Drop 1 0 1
Drop 1 0 0
Drop 2 0 1
Drop 2 0 0
Drop 6 0 1
Drop 0 0 0
Drop 0 0 1
Drop 6 0 0
Drop 6 0 1
Drop 0 0 0
Drop 0 0 1
Drop 6 0 0
Drop 0 0 1
Drop 0 0 0
Drop 0 0 1
Drop 0 0 0
Drop 0 0 1
Drop 0 0 0
Drop 6 0 1
Drop 0 0 0
Malus 0 0 1
Drop 0 0 0
Tile:7 11 6 1
Destroy 11 6 0
Tile:6 11 6 1
Drop 5 0 0
Tile:7 12 6 1
GAMEOVER WINNER 1
# Game ended: Wed Apr 15 23:47:06 EDT 2020
