# Server version 0.08 running on 192.168.2.246:8123
# Game ID: 97
# Board class: Saboteur.SaboteurBoard
# Timeout: 20000
# First Move Timeout: 30000
# Date: Mon Apr 13 20:24:52 EDT 2020
# Player 1: Player-0, 'RandomPlayer', running on 127.0.0.1
# Player 2: Player-1, '260746982', running on 127.0.0.1
START Player-0 RandomPlayer
START Player-1 260746982
BoardInit:Tile:7,Map,Bonus,Tile:9,Tile:6,Tile:9,Tile:5,Tile:8,Tile:10,Tile:8,Map,Tile:9,Tile:13,Tile:7,Map,Map,Destroy,Tile:1,Tile:0,Tile:6,Map,Bonus,Tile:9,Malus,Tile:0,Tile:14,Tile:8,Tile:11,Tile:9,Tile:6,Malus,Destroy,Tile:15,Tile:0,Tile:5,Tile:8,Tile:0,Tile:12,Tile:5,Tile:10,Tile:2-Tile:4,Tile:8,Bonus,Tile:6,Tile:7,Tile:10,Bonus-Tile:6,Destroy,Tile:5,Tile:7,Map,Tile:3,Tile:7-Tile:hidden1,Tile:nugget,Tile:hidden2
Tile:8 6 5 1
Drop 5 0 0
Tile:6 7 5 1
Tile:6 5 6 0
Tile:7 8 5 1
Tile:7_flip 4 6 0
Tile:7_flip 8 6 1
Tile:5_flip 6 6 0
Tile:6 9 6 1
Tile:8 4 5 0
Tile:5_flip 10 6 1
Drop 5 0 0
Tile:4 10 5 1
Tile:9 3 5 0
Map 12 3 1
Destroy 8 6 0
Tile:13 8 6 1
Tile:7_flip 8 7 0
Map 12 7 1
Tile:8 7 4 0
Tile:0 8 4 1
Tile:7 9 4 0
Tile:10 9 5 1
Tile:9 7 3 0
Drop 5 0 1
Tile:1 8 3 0
Drop 3 0 1
Tile:6_flip 6 4 0
Drop 3 0 1
Drop 5 0 0
Drop 3 0 1
Tile:6_flip 5 4 0
Malus 0 0 1
Map 12 7 0
Drop 6 0 1
Destroy 9 4 0
Tile:8 9 4 1
Map 12 7 0
Tile:0 10 4 1
Bonus 0 0 0
Tile:9_flip 11 4 1
Tile:11_flip 11 3 0
Drop 6 0 1
Map 12 5 0
Drop 3 0 1
Tile:10 11 5 0
Drop 3 0 1
Drop 0 0 0
Drop 3 0 1
Tile:0 10 3 0
Drop 0 0 1
Tile:12_flip 7 6 0
Drop 0 0 1
Tile:8 9 3 0
Drop 0 0 1
GAMEOVER DRAW
# Game ended: Mon Apr 13 20:24:53 EDT 2020
