# Server version 0.08 running on 192.168.2.246:8123
# Game ID: 34
# Board class: Saboteur.SaboteurBoard
# Timeout: 20000
# First Move Timeout: 30000
# Date: Mon Apr 13 15:35:28 EDT 2020
# Player 1: Player-0, 'Human', running on 192.168.2.246
# Player 2: Player-1, '260746982', running on 192.168.2.246
START Player-0 Human
START Player-1 260746982
BoardInit:Tile:10,Map,Tile:7,Tile:12,Map,Tile:9,Malus,Tile:6,Map,Tile:8,Tile:5,Destroy,Tile:7,Tile:7,Tile:7,Tile:9,Tile:9,Tile:8,Tile:6,Tile:6,Tile:1,Bonus,Bonus,Destroy,Tile:6,Tile:4,Tile:5,Destroy,Tile:6,Tile:13,Tile:8,Tile:10,Malus,Tile:7,Map,Tile:3,Map,Bonus,Tile:15,Map,Tile:11-Tile:10,Tile:8,Tile:0,Tile:2,Tile:5,Tile:0,Tile:0-Bonus,Tile:0,Tile:8,Tile:9,Tile:9,Tile:5,Tile:14-Tile:nugget,Tile:hidden1,Tile:hidden2
Tile:10 5 6 1
Tile:8 6 5 0
Tile:5 4 5 1
Tile:0 7 5 0
Tile:7 8 5 1
Map 12 7 0
Tile:2_flip 8 6 1
Drop 5 0 0
Tile:10 5 4 1
Drop 4 0 0
Drop 3 0 1
Tile:5 6 4 0
Tile:0 7 6 1
Destroy 8 5 0
Tile:7 5 3 1
Tile:8 8 5 0
Tile:5 4 3 1
Tile:6_flip 9 5 0
Tile:0 7 4 1
Tile:8 10 5 0
Tile:8 11 5 1
Tile:9 11 6 0
Tile:9_flip 12 4 1
GAMEOVER WINNER 1
# Game ended: Mon Apr 13 15:36:12 EDT 2020
