# Server version 0.08 running on 192.168.2.246:8123
# Game ID: 153
# Board class: Saboteur.SaboteurBoard
# Timeout: 20000
# First Move Timeout: 30000
# Date: Wed Apr 15 23:50:24 EDT 2020
# Player 1: Player-0, '260746982', running on 192.168.2.246
# Player 2: Player-1, '260746982', running on 192.168.2.246
START Player-0 260746982
START Player-1 260746982
BoardInit:Tile:6,Tile:5,Tile:8,Tile:12,Tile:5,Malus,Map,Tile:8,Tile:4,Map,Tile:6,Tile:10,Tile:15,Tile:6,Tile:10,Tile:7,Tile:0,Tile:14,Tile:0,Tile:9,Tile:9,Tile:2,Malus,Destroy,Tile:9,Tile:8,Tile:6,Bonus,Tile:11,Destroy,Map,Tile:8,Map,Tile:0,Tile:7,Destroy,Tile:6,Tile:1,Tile:5,Tile:7,Tile:3-Map,Tile:5,Tile:7,Tile:7,Tile:13,Bonus,Tile:9-Tile:10,Tile:9,Bonus,Map,Tile:8,Bonus,Tile:0-Tile:hidden1,Tile:hidden2,Tile:nugget
Tile:5_flip 6 5 1
Tile:9 6 4 0
Tile:6 7 4 1
Tile:8 8 4 0
Tile:8 9 4 1
Tile:0 10 4 0
Map 12 3 1
Malus 0 0 0
Bonus 0 0 1
Map 12 3 0
Map 12 7 1
Map 12 7 0
Tile:7 11 4 1
Drop 4 0 0
Drop 1 0 1
Drop 0 0 0
Drop 3 0 1
Drop 0 0 0
Drop 4 0 1
Drop 6 0 0
Drop 0 0 1
Drop 0 0 0
Drop 0 0 1
Drop 6 0 0
Malus 0 0 1
Drop 0 0 0
Tile:6 11 5 1
Drop 0 0 0
Tile:10 12 6 1
GAMEOVER WINNER 1
# Game ended: Wed Apr 15 23:50:27 EDT 2020
