# Server version 0.08 running on 192.168.2.246:8123
# Game ID: 99
# Board class: Saboteur.SaboteurBoard
# Timeout: 20000
# First Move Timeout: 30000
# Date: Mon Apr 13 20:24:55 EDT 2020
# Player 1: Player-0, 'RandomPlayer', running on 127.0.0.1
# Player 2: Player-1, '260746982', running on 127.0.0.1
START Player-0 RandomPlayer
START Player-1 260746982
BoardInit:Bonus,Map,Tile:3,Destroy,Tile:7,Tile:9,Tile:8,Tile:6,Tile:5,Tile:0,Tile:12,Tile:10,Tile:0,Tile:13,Tile:6,Destroy,Tile:8,Tile:8,Tile:7,Map,Tile:7,Bonus,Tile:5,Tile:7,Bonus,Tile:6,Tile:8,Tile:8,Tile:7,Tile:0,Tile:5,Tile:5,Tile:10,Tile:0,Tile:9,Malus,Tile:11,Malus,Tile:1,Tile:6,Tile:2-Destroy,Tile:4,Tile:9,Map,Tile:9,Map,Tile:15-Bonus,Map,Tile:9,Tile:6,Map,Tile:14,Tile:10-Tile:nugget,Tile:hidden1,Tile:hidden2
Tile:9_flip 6 5 1
Tile:9_flip 5 6 0
Tile:9 6 4 1
Tile:14 7 4 0
Map 12 3 1
Tile:10 7 3 0
Drop 2 0 1
Tile:6_flip 4 6 0
Drop 1 0 1
Tile:6 4 7 0
Drop 1 0 1
Destroy 4 6 0
Drop 2 0 1
Tile:9 4 5 0
Drop 5 0 1
Tile:10 6 3 0
Drop 0 0 1
Destroy 7 4 0
Tile:8 7 4 1
Tile:13 8 4 0
Drop 1 0 1
Tile:8 5 7 0
Drop 1 0 1
Map 12 3 0
Drop 1 0 1
Tile:7_flip 6 6 0
Drop 1 0 1
Tile:6_flip 6 2 0
Drop 1 0 1
Map 12 7 0
Drop 1 0 1
Tile:0 3 7 0
Drop 1 0 1
Map 12 3 0
Drop 1 0 1
Tile:8 4 6 0
Drop 2 0 1
Tile:0 3 6 0
Drop 6 0 1
Map 12 7 0
Drop 6 0 1
Tile:6 7 6 0
Drop 6 0 1
Tile:5_flip 8 6 0
Tile:9 8 5 1
Drop 3 0 0
Tile:5_flip 9 5 1
Tile:0 6 7 0
Tile:7 9 4 1
Malus 0 0 0
Bonus 0 0 1
Drop 0 0 0
Drop 1 0 1
Drop 0 0 0
Drop 0 0 1
GAMEOVER DRAW
# Game ended: Mon Apr 13 20:24:56 EDT 2020
