# Server version 0.08 running on 192.168.2.246:8123
# Game ID: 139
# Board class: Saboteur.SaboteurBoard
# Timeout: 20000
# First Move Timeout: 30000
# Date: Wed Apr 15 23:40:43 EDT 2020
# Player 1: Player-0, '260746982', running on 192.168.2.246
# Player 2: Player-1, '260746982', running on 192.168.2.246
START Player-0 260746982
START Player-1 260746982
BoardInit:Tile:6,Tile:5,Tile:7,Malus,Destroy,Bonus,Tile:15,Destroy,Tile:0,Tile:8,Tile:10,Tile:9,Map,Map,Map,Destroy,Bonus,Tile:10,Tile:0,Tile:7,Tile:12,Tile:1,Tile:8,Tile:7,Map,Bonus,Tile:3,Tile:14,Tile:6,Malus,Tile:13,Tile:0,Tile:8,Tile:7,Bonus,Tile:9,Tile:9,Tile:5,Tile:7,Tile:11,Tile:5-Tile:9,Tile:2,Tile:6,Tile:6,Map,Tile:10,Tile:4-Tile:8,Tile:6,Map,Tile:9,Tile:8,Tile:0,Tile:5-Tile:hidden2,Tile:nugget,Tile:hidden1
Tile:6 6 5 1
Tile:8 7 5 0
Tile:6 8 5 1
Tile:6 9 5 0
Map 12 3 1
Malus 0 0 0
Drop 1 0 1
Tile:8 10 5 0
Destroy 10 5 1
Tile:0 10 5 0
Drop 2 0 1
Tile:8 11 5 0
GAMEOVER WINNER 0
# Game ended: Wed Apr 15 23:40:43 EDT 2020
