# Server version 0.08 running on 192.168.2.246:8123
# Game ID: 76
# Board class: Saboteur.SaboteurBoard
# Timeout: 20000
# First Move Timeout: 30000
# Date: Mon Apr 13 20:24:22 EDT 2020
# Player 1: Player-0, '260746982', running on 127.0.0.1
# Player 2: Player-1, 'RandomPlayer', running on 127.0.0.1
START Player-0 260746982
START Player-1 RandomPlayer
BoardInit:Tile:9,Tile:7,Tile:8,Tile:0,Map,Map,Tile:5,Malus,Tile:10,Bonus,Destroy,Tile:11,Tile:8,Tile:12,Tile:5,Tile:0,Tile:5,Tile:7,Map,Tile:6,Tile:0,Tile:6,Tile:2,Map,Malus,Tile:10,Tile:3,Tile:8,Bonus,Tile:7,Bonus,Tile:6,Tile:7,Tile:5,Tile:7,Tile:9,Bonus,Tile:6,Tile:8,Destroy,Tile:13-Map,Tile:9,Tile:4,Tile:14,Tile:9,Tile:1,Tile:0-Tile:10,Tile:9,Map,Tile:15,Tile:8,Tile:6,Destroy-Tile:hidden2,Tile:hidden1,Tile:nugget
Tile:9_flip 5 6 1
Tile:8 6 5 0
Tile:9 4 5 1
Tile:6 7 5 0
Tile:8 5 4 1
Tile:0 8 5 0
Tile:1 9 5 1
Map 12 3 0
Tile:9 5 7 1
Malus 0 0 0
Drop 3 0 1
Map 12 7 0
Drop 0 0 1
Drop 2 0 0
Destroy 5 4 1
Drop 5 0 0
Map 12 7 1
Drop 5 0 0
Drop 3 0 1
Drop 0 0 0
Map 12 7 1
Drop 0 0 0
Drop 0 0 1
Drop 0 0 0
Drop 2 0 1
Drop 6 0 0
Drop 0 0 1
Drop 0 0 0
Drop 6 0 1
Drop 1 0 0
Drop 4 0 1
Drop 1 0 0
Malus 0 0 1
Bonus 0 0 0
Drop 4 0 1
Drop 0 0 0
Drop 4 0 1
Drop 0 0 0
Drop 0 0 1
Drop 0 0 0
Drop 4 0 1
Drop 0 0 0
Drop 5 0 1
Drop 0 0 0
Drop 4 0 1
Drop 0 0 0
Drop 2 0 1
Drop 0 0 0
Drop 0 0 1
Drop 0 0 0
Drop 0 0 1
Drop 0 0 0
Drop 1 0 1
Drop 0 0 0
Drop 0 0 1
GAMEOVER DRAW
# Game ended: Mon Apr 13 20:24:22 EDT 2020
