# Server version 0.08 running on 192.168.2.246:8123
# Game ID: 96
# Board class: Saboteur.SaboteurBoard
# Timeout: 20000
# First Move Timeout: 30000
# Date: Mon Apr 13 20:24:51 EDT 2020
# Player 1: Player-0, '260746982', running on 127.0.0.1
# Player 2: Player-1, 'RandomPlayer', running on 127.0.0.1
START Player-0 260746982
START Player-1 RandomPlayer
BoardInit:Tile:3,Tile:13,Tile:8,Bonus,Tile:6,Map,Tile:0,Destroy,Tile:9,Tile:10,Tile:10,Tile:8,Tile:0,Tile:1,Map,Tile:7,Tile:7,Malus,Tile:9,Tile:7,Tile:14,Tile:5,Tile:10,Tile:0,Tile:5,Tile:7,Tile:7,Malus,Tile:11,Bonus,Tile:6,Tile:15,Tile:4,Tile:0,Tile:9,Tile:12,Tile:6,Tile:5,Tile:8,Map,Map-Bonus,Tile:5,Bonus,Map,Map,Tile:2,Tile:6-Tile:9,Tile:9,Tile:6,Tile:8,Destroy,Destroy,Tile:8-Tile:nugget,Tile:hidden1,Tile:hidden2
Tile:5 4 5 1
Tile:6 6 5 0
Map 12 3 1
Tile:8 7 5 0
Drop 2 0 1
Tile:8 8 5 0
Tile:2_flip 5 6 1
Tile:9_flip 9 5 0
Tile:0 6 6 1
Tile:9 9 4 0
Tile:8 5 4 1
Tile:13 10 4 0
Tile:6_flip 6 4 1
Map 12 3 0
Tile:6 7 6 1
Drop 6 0 0
Tile:10 8 4 1
Drop 0 0 0
Tile:9_flip 9 3 1
Malus 0 0 0
Drop 1 0 1
Drop 0 0 0
Map 12 3 1
Drop 1 0 0
Drop 5 0 1
Drop 1 0 0
Drop 0 0 1
Drop 1 0 0
Drop 5 0 1
Malus 0 0 0
Drop 0 0 1
Drop 1 0 0
Drop 6 0 1
Drop 6 0 0
Drop 3 0 1
Drop 1 0 0
Drop 3 0 1
Drop 6 0 0
Drop 6 0 1
Drop 1 0 0
Drop 2 0 1
Drop 6 0 0
Drop 4 0 1
Drop 1 0 0
Drop 1 0 1
Drop 1 0 0
Map 12 5 1
Drop 2 0 0
Drop 0 0 1
Drop 2 0 0
Drop 0 0 1
Drop 1 0 0
Drop 1 0 1
Drop 0 0 0
Drop 0 0 1
GAMEOVER DRAW
# Game ended: Mon Apr 13 20:24:51 EDT 2020
