# Server version 0.08 running on 192.168.2.246:8123
# Game ID: 50
# Board class: Saboteur.SaboteurBoard
# Timeout: 20000
# First Move Timeout: 30000
# Date: Mon Apr 13 18:17:27 EDT 2020
# Player 1: Player-0, '260746982', running on 192.168.2.246
# Player 2: Player-1, 'Human', running on 192.168.2.246
START Player-0 260746982
START Player-1 Human
BoardInit:Tile:9,Tile:9,Tile:8,Tile:5,Tile:7,Tile:0,Tile:0,Map,Tile:7,Bonus,Malus,Tile:12,Tile:8,Tile:10,Tile:7,Bonus,Tile:6,Bonus,Tile:1,Tile:6,Tile:7,Map,Tile:8,Map,Tile:15,Tile:14,Tile:4,Tile:5,Tile:9,Tile:13,Map,Tile:7,Destroy,Tile:9,Tile:6,Tile:6,Tile:11,Tile:2,Map,Tile:5,Destroy-Tile:8,Malus,Tile:5,Destroy,Tile:10,Tile:10,Bonus-Tile:6,Tile:3,Tile:0,Tile:8,Tile:9,Tile:0,Map-Tile:hidden2,Tile:hidden1,Tile:nugget
Tile:8 6 5 1
Drop 5 0 0
Tile:5 6 4 1
Drop 2 0 0
Tile:8 7 4 1
Tile:6_flip 4 5 0
Malus 0 0 1
Map 12 3 0
Tile:0 8 4 1
Map 12 7 0
Tile:7 9 4 1
Bonus 0 0 0
Malus 0 0 1
Drop 2 0 0
GAMEOVER USER CANCEL UNDECIDED
# Game ended: Mon Apr 13 18:20:54 EDT 2020
