# Server version 0.08 running on 192.168.2.246:8123
# Game ID: 141
# Board class: Saboteur.SaboteurBoard
# Timeout: 20000
# First Move Timeout: 30000
# Date: Wed Apr 15 23:43:02 EDT 2020
# Player 1: Player-0, '260746982', running on 192.168.2.246
# Player 2: Player-1, '260746982', running on 192.168.2.246
START Player-0 260746982
START Player-1 260746982
BoardInit:Tile:12,Tile:7,Tile:13,Tile:5,Map,Tile:7,Tile:5,Tile:11,Destroy,Tile:8,Tile:7,Destroy,Tile:6,Tile:8,Map,Tile:0,Malus,Tile:0,Tile:7,Tile:10,Tile:2,Tile:6,Bonus,Tile:6,Map,Destroy,Tile:9,Map,Tile:9,Tile:3,Tile:9,Tile:0,Tile:7,Bonus,Map,Bonus,Tile:8,Tile:0,Tile:9,Tile:10,Tile:8-Bonus,Malus,Tile:5,Tile:15,Tile:5,Tile:4,Tile:1-Tile:6,Tile:9,Tile:8,Map,Tile:6,Tile:14,Tile:10-Tile:hidden2,Tile:nugget,Tile:hidden1
Tile:5_flip 6 5 1
Tile:6_flip 6 4 0
Tile:4_flip 5 6 1
Tile:8 7 4 0
Tile:5 4 5 1
Tile:6 8 4 0
Tile:13 7 3 1
Tile:9_flip 9 4 0
Tile:5 5 4 1
Tile:7_flip 9 5 0
Tile:15 4 6 1
Map 12 3 0
Tile:12 10 5 1
Tile:14 4 7 0
Tile:1 3 7 1
Tile:10 7 5 0
Tile:7 7 2 1
Tile:5 2 7 0
Tile:6 2 8 1
Tile:7 3 8 0
Tile:7 8 3 1
Tile:11 1 8 0
Tile:2 6 2 1
Tile:8 1 9 0
Malus 0 0 1
Drop 0 0 0
Drop 4 0 1
Drop 0 0 0
Tile:9 1 10 1
Map 12 7 0
Tile:9 0 9 1
Drop 6 0 0
Tile:9 1 11 1
Drop 0 0 0
Tile:7 0 8 1
Bonus 0 0 0
Drop 5 0 1
Tile:0 2 9 0
Tile:8 1 12 1
Tile:10 0 10 0
Tile:9 1 13 1
Tile:6 2 11 0
Tile:8 0 12 1
Tile:6 2 13 0
Drop 4 0 1
Tile:0 3 11 0
Destroy 1 11 1
Tile:0 3 13 0
Map 12 3 1
Tile:10 0 11 0
Drop 1 0 1
Destroy 6 5 0
Map 12 7 1
Drop 0 0 0
Drop 0 0 1
GAMEOVER DRAW
# Game ended: Wed Apr 15 23:43:04 EDT 2020
