# Server version 0.08 running on 192.168.2.246:8123
# Game ID: 52
# Board class: Saboteur.SaboteurBoard
# Timeout: 20000
# First Move Timeout: 30000
# Date: Mon Apr 13 18:26:31 EDT 2020
# Player 1: Player-0, '260746982', running on 192.168.2.246
# Player 2: Player-1, 'Human', running on 192.168.2.246
START Player-0 260746982
START Player-1 Human
BoardInit:Malus,Destroy,Tile:0,Tile:6,Tile:9,Tile:14,Destroy,Map,Tile:13,Map,Tile:8,Tile:9,Tile:10,Map,Tile:8,Tile:9,Tile:6,Tile:10,Map,Tile:12,Malus,Tile:9,Bonus,Tile:4,Tile:8,Tile:10,Map,Tile:8,Tile:5,Bonus,Tile:0,Tile:6,Tile:7,Tile:11,Tile:7,Tile:5,Tile:0,Tile:5,Destroy,Tile:6,Tile:7-Tile:8,Tile:15,Tile:1,Tile:7,Bonus,Tile:9,Tile:2-Tile:3,Tile:6,Bonus,Map,Tile:0,Tile:7,Tile:5-Tile:nugget,Tile:hidden1,Tile:hidden2
Tile:8 6 5 1
Tile:0 7 5 0
Tile:7 8 5 1
Drop 4 0 0
Tile:9 8 6 1
Tile:6_flip 9 6 0
Malus 0 0 1
Bonus 0 0 0
Tile:0 10 6 1
Map 12 7 0
Tile:9_flip 11 6 1
Tile:14 6 6 0
