# Server version 0.08 running on 192.168.2.246:8123
# Game ID: 26
# Board class: Saboteur.SaboteurBoard
# Timeout: 20000
# First Move Timeout: 30000
# Date: Mon Apr 13 14:52:06 EDT 2020
# Player 1: Player-0, '260746982', running on 192.168.2.246
# Player 2: Player-1, 'Human', running on 192.168.2.246
START Player-0 260746982
START Player-1 Human
BoardInit:Tile:7,Tile:11,Map,Destroy,Tile:4,Malus,Tile:9,Tile:8,Map,Tile:2,Tile:5,Tile:10,Tile:7,Map,Tile:9,Tile:0,Tile:12,Tile:5,Tile:15,Tile:5,Tile:9,Tile:9,Tile:5,Tile:10,Bonus,Tile:6,Tile:7,Tile:6,Map,Tile:8,Tile:6,Destroy,Bonus,Tile:8,Tile:9,Tile:8,Malus,Destroy,Tile:14,Map,Tile:10-Tile:7,Bonus,Bonus,Tile:0,Tile:0,Map,Tile:13-Tile:6,Tile:7,Tile:3,Tile:8,Tile:6,Tile:1,Tile:0-Tile:nugget,Tile:hidden1,Tile:hidden2
Tile:0 6 5 1
Tile:3 5 4 0
Tile:0 7 5 1
Tile:7_flip 4 5 0
Tile:7 8 5 1
Tile:8 4 4 0
Drop 1 0 1
Drop 2 0 0
Tile:9 8 6 1
Tile:8 8 7 0
Tile:7 9 7 1
Drop 5 0 0
Tile:13 7 7 1
Destroy 8 7 0
Tile:4 7 6 1
Tile:6 5 6 0
Map 12 7 1
Tile:2_flip 3 4 0
Map 12 5 1
Tile:5 6 7 0
Map 12 3 1
Tile:0 9 6 0
Tile:7 10 6 1
Map 12 7 0
Tile:9 10 7 1
Tile:6 10 8 0
Tile:12 11 8 1
Tile:6 2 4 0
Drop 2 0 1
Tile:6 6 8 0
Drop 6 0 1
Tile:5 3 3 0
Tile:6 11 7 1
Tile:10 12 8 0
Tile:5 11 6 1
Destroy 11 6 0
